#
# A fatal error has been detected by the Java Runtime Environment:
#
#  Internal Error (0xc06d007e), pid=3044, tid=0x00000000000010e4
#
# JRE version:  (8.0_151-b12) (build )
# Java VM: Java HotSpot(TM) 64-Bit Server VM (25.151-b12 mixed mode windows-amd64 compressed oops)
# Problematic frame:
# C  [KERNELBASE.dll+0x1a06d]
#
# Failed to write core dump. Minidumps are not enabled by default on client versions of Windows
#
# If you would like to submit a bug report, please visit:
#   http://bugreport.java.com/bugreport/crash.jsp
# The crash happened outside the Java Virtual Machine in native code.
# See problematic frame for where to report the bug.
#

---------------  T H R E A D  ---------------

Current thread (0x00000000021ee000):  JavaThread "main" [_thread_in_native, id=4324, stack(0x0000000002270000,0x0000000002370000)]

siginfo: ExceptionCode=0xc06d007e, ExceptionInformation=0x000000000236e7e0 

Registers:
RAX=0x0000000075fb0661, RBX=0x0000000000000000, RCX=0x000000000236e0e0, RDX=0x0000000000000160
RSP=0x000000000236e6f0, RBP=0x000000000236e838, RSI=0x000000007457d8dc, RDI=0x0000000000000000
R8 =0x0000000000000000, R9 =0x0000000000000000, R10=0x0000000000000008, R11=0x000000000236e730
R12=0x0000000000000001, R13=0x0000000074585780, R14=0x0000000074585510, R15=0x000000007457d968
RIP=0x000007fefd66a06d, EFLAGS=0x0000000000000202

Top of Stack: (sp=0x000000000236e6f0)
0x000000000236e6f0:   0000000000000000 000000007457d8dc
0x000000000236e700:   0000000000000000 00000000775af9d8
0x000000000236e710:   00000000c06d007e 0000000000000000
0x000000000236e720:   000007fefd66a06d 0000000000000001
0x000000000236e730:   000000000236e7e0 000007fefd65c7af
0x000000000236e740:   0000000000000000 0000000000000000
0x000000000236e750:   0000000000000000 0000000000000001
0x000000000236e760:   0000000000000000 0000000000000000
0x000000000236e770:   00000000000c000b 000000007457cb80
0x000000000236e780:   0000000000000000 0000000077356544
0x000000000236e790:   000000007457cb80 00000000745f4e7e
0x000000000236e7a0:   0000000074570000 00000000745c5695
0x000000000236e7b0:   0000000000000000 0000000074578a17
0x000000000236e7c0:   00000000001f4f20 0000000000000000
0x000000000236e7d0:   0000000000000001 00000000745f38a8
0x000000000236e7e0:   0000000000000048 000000007457d8dc 

Instructions: (pc=0x000007fefd66a06d)
0x000007fefd66a04d:   54 24 24 48 89 4c 24 28 4d 85 c9 0f 85 6a 03 00
0x000007fefd66a05d:   00 89 4c 24 38 48 8d 4c 24 20 ff 15 33 02 03 00
0x000007fefd66a06d:   48 81 c4 c8 00 00 00 c3 90 90 90 90 90 90 90 90
0x000007fefd66a07d:   90 90 90 48 83 ec 28 65 48 8b 04 25 30 00 00 00 


Register to memory mapping:

RAX=0x0000000075fb0661 is an unknown value
RBX=0x0000000000000000 is an unknown value
RCX=0x000000000236e0e0 is pointing into the stack for thread: 0x00000000021ee000
RDX=0x0000000000000160 is an unknown value
RSP=0x000000000236e6f0 is pointing into the stack for thread: 0x00000000021ee000
RBP=0x000000000236e838 is pointing into the stack for thread: 0x00000000021ee000
RSI=0x000000007457d8dc is an unknown value
RDI=0x0000000000000000 is an unknown value
R8 =0x0000000000000000 is an unknown value
R9 =0x0000000000000000 is an unknown value
R10=0x0000000000000008 is an unknown value
R11=0x000000000236e730 is pointing into the stack for thread: 0x00000000021ee000
R12=0x0000000000000001 is an unknown value
R13=0x0000000074585780 is an unknown value
R14=0x0000000074585510 is an unknown value
R15=0x000000007457d968 is an unknown value


Stack: [0x0000000002270000,0x0000000002370000],  sp=0x000000000236e6f0,  free space=1017k
Native frames: (J=compiled Java code, j=interpreted, Vv=VM code, C=native code)
C  [KERNELBASE.dll+0x1a06d]

Java frames: (J=compiled Java code, j=interpreted, Vv=VM code)
j  java.lang.System.initProperties(Ljava/util/Properties;)Ljava/util/Properties;+0
j  java.lang.System.initializeSystemClass()V+13
v  ~StubRoutines::call_stub

---------------  P R O C E S S  ---------------

Java Threads: ( => current thread )
  0x000000005399e800 JavaThread "Finalizer" daemon [_thread_blocked, id=5972, stack(0x0000000054940000,0x0000000054a40000)]
  0x0000000053957000 JavaThread "Reference Handler" daemon [_thread_blocked, id=3720, stack(0x0000000054750000,0x0000000054850000)]
=>0x00000000021ee000 JavaThread "main" [_thread_in_native, id=4324, stack(0x0000000002270000,0x0000000002370000)]

Other Threads:
  0x000000005394d800 VMThread [stack: 0x0000000054570000,0x0000000054670000] [id=4572]

VM state:not at safepoint (normal execution)

VM Mutex/Monitor currently owned by a thread: None

Heap:
 PSYoungGen      total 9728K, used 174K [0x00000000f5600000, 0x00000000f6080000, 0x0000000100000000)
  eden space 8704K, 2% used [0x00000000f5600000,0x00000000f562b860,0x00000000f5e80000)
  from space 1024K, 0% used [0x00000000f5f80000,0x00000000f5f80000,0x00000000f6080000)
  to   space 1024K, 0% used [0x00000000f5e80000,0x00000000f5e80000,0x00000000f5f80000)
 ParOldGen       total 22016K, used 0K [0x00000000e0200000, 0x00000000e1780000, 0x00000000f5600000)
  object space 22016K, 0% used [0x00000000e0200000,0x00000000e0200000,0x00000000e1780000)
 Metaspace       used 1073K, capacity 4480K, committed 4480K, reserved 1056768K
  class space    used 116K, capacity 384K, committed 384K, reserved 1048576K

Card table byte_map: [0x0000000011ab0000,0x0000000011bb0000] byte_map_base: 0x00000000113af000

Marking Bits: (ParMarkBitMap*) 0x000000007028d850
 Begin Bits: [0x0000000012030000, 0x0000000012828000)
 End Bits:   [0x0000000012828000, 0x0000000013020000)

Polling page: 0x0000000001c50000

CodeCache: size=245760Kb used=403Kb max_used=403Kb free=245356Kb
 bounds [0x00000000026f0000, 0x0000000002960000, 0x00000000116f0000]
 total_blobs=101 nmethods=0 adapters=77
 compilation: enabled

Compilation events (0 events):
No events

GC Heap History (0 events):
No events

Deoptimization events (0 events):
No events

Internal exceptions (2 events):
Event: 0.050 Thread 0x00000000021ee000 Exception <a 'java/lang/NoSuchMethodError': Method sun.misc.Unsafe.defineClass(Ljava/lang/String;[BII)Ljava/lang/Class; name or signature does not match> (0x00000000f5607ca8) thrown at [C:\re\workspace\8-2-build-windows-amd64-cygwin\jdk8u151\9699\hotspot\
Event: 0.050 Thread 0x00000000021ee000 Exception <a 'java/lang/NoSuchMethodError': Method sun.misc.Unsafe.prefetchRead(Ljava/lang/Object;J)V name or signature does not match> (0x00000000f5607f90) thrown at [C:\re\workspace\8-2-build-windows-amd64-cygwin\jdk8u151\9699\hotspot\src\share\vm\prims

Events (10 events):
Event: 0.051 loading class java/util/HashMap$Node done
Event: 0.051 loading class sun/misc/VM
Event: 0.051 loading class sun/misc/VM done
Event: 0.051 loading class java/util/Hashtable$Entry
Event: 0.051 loading class java/util/Hashtable$Entry done
Event: 0.051 loading class java/lang/Math
Event: 0.052 loading class java/lang/Math done
Event: 0.052 loading class java/lang/ref/Finalizer$FinalizerThread
Event: 0.052 loading class java/lang/ref/Finalizer$FinalizerThread done
Event: 0.052 Thread 0x000000005399e800 Thread added: 0x000000005399e800


Dynamic libraries:
0x000000013fd20000 - 0x000000013fd57000 	C:\Program Files\Java\jre1.8.0_151\bin\javaw.exe
0x0000000077560000 - 0x000000007770a000 	C:\Windows\SYSTEM32\ntdll.dll
0x0000000077340000 - 0x000000007745f000 	C:\Windows\system32\kernel32.dll
0x000007fefd650000 - 0x000007fefd6ba000 	C:\Windows\system32\KERNELBASE.dll
0x000007fefe740000 - 0x000007fefe81b000 	C:\Windows\system32\ADVAPI32.dll
0x000007fefefa0000 - 0x000007feff03f000 	C:\Windows\system32\msvcrt.dll
0x000007fefe900000 - 0x000007fefe91f000 	C:\Windows\SYSTEM32\sechost.dll
0x000007feff530000 - 0x000007feff65d000 	C:\Windows\system32\RPCRT4.dll
0x0000000077460000 - 0x000000007755a000 	C:\Windows\system32\USER32.dll
0x000007fefeeb0000 - 0x000007fefef17000 	C:\Windows\system32\GDI32.dll
0x000007feff700000 - 0x000007feff70e000 	C:\Windows\system32\LPK.dll
0x000007fefd6e0000 - 0x000007fefd7aa000 	C:\Windows\system32\USP10.dll
0x000007fefbc80000 - 0x000007fefbe74000 	C:\Windows\WinSxS\amd64_microsoft.windows.common-controls_6595b64144ccf1df_6.0.7601.17514_none_fa396087175ac9ac\COMCTL32.dll
0x000007fefef20000 - 0x000007fefef91000 	C:\Windows\system32\SHLWAPI.dll
0x000007feff2f0000 - 0x000007feff31e000 	C:\Windows\system32\IMM32.DLL
0x000007feff710000 - 0x000007feff819000 	C:\Windows\system32\MSCTF.dll
0x00000000745a0000 - 0x0000000074672000 	C:\Program Files\Java\jre1.8.0_151\bin\msvcr100.dll
0x000000006fa70000 - 0x000000007030d000 	C:\Program Files\Java\jre1.8.0_151\bin\server\jvm.dll
0x000007fef4530000 - 0x000007fef4539000 	C:\Windows\system32\WSOCK32.dll
0x000007feff820000 - 0x000007feff86d000 	C:\Windows\system32\WS2_32.dll
0x000007fefd6d0000 - 0x000007fefd6d8000 	C:\Windows\system32\NSI.dll
0x000007fefac80000 - 0x000007fefacbb000 	C:\Windows\system32\WINMM.dll
0x000007fefc4d0000 - 0x000007fefc4dc000 	C:\Windows\system32\VERSION.dll
0x0000000077720000 - 0x0000000077727000 	C:\Windows\system32\PSAPI.DLL
0x0000000074590000 - 0x000000007459f000 	C:\Program Files\Java\jre1.8.0_151\bin\verify.dll
0x0000000074560000 - 0x0000000074589000 	C:\Program Files\Java\jre1.8.0_151\bin\java.dll
0x0000000074540000 - 0x0000000074556000 	C:\Program Files\Java\jre1.8.0_151\bin\zip.dll

VM Arguments:
jvm_args: -Dfile.encoding=Cp1252 
java_command: org.firstclass.Solution
java_class_path (initial): C:\Users\students\sree java\bin;E:\database\ojdbc6.jar;E:\hypernet\required\antlr-2.7.7.jar;E:\hypernet\required\classmate-1.3.0.jar;E:\hypernet\required\dom4j-1.6.1.jar;E:\hypernet\required\hibernate-commons-annotations-5.0.1.Final.jar;E:\hypernet\required\hibernate-core-5.2.8.Final.jar;E:\hypernet\required\hibernate-jpa-2.1-api-1.0.0.Final.jar;E:\hypernet\required\jandex-2.0.3.Final.jar;E:\hypernet\required\javassist-3.20.0-GA.jar;E:\hypernet\required\jboss-logging-3.3.0.Final.jar;E:\hypernet\required\jboss-transaction-api_1.2_spec-1.0.1.Final.jar;E:\database\mysql-connector-java-5.1.21 (1).jar
Launcher Type: SUN_STANDARD

Environment Variables:
PATH=C:/Program Files/Java/jre1.8.0_151/bin/server;C:/Program Files/Java/jre1.8.0_151/bin;C:/Program Files/Java/jre1.8.0_151/lib/amd64;C:\oraclexe\app\oracle\product\11.2.0\server\bin;;C:\ProgramData\Oracle\Java\javapath;C:\Windows\system32;C:\Windows;C:\Windows\System32\Wbem;C:\Windows\System32\WindowsPowerShell\v1.0\;C:\Program Files\Java\jdk1.8.0_121\bin;C:\Program Files\Java\jre1.8.0_121\bin;C:\ProgramData\Microsoft\Windows\Start Menu\Programs\Python36-32\;C:\Program Files\nodejs\;C:\oraclexe\app\oracle\product\11.2.0\server\bin;C:\ProgramData\Oracle\Java\javapath;C:\Windows\system32;C:\Windows;C:\Windows\System32\Wbem;C:\Windows\System32\WindowsPowerShell\v1.0\;C:\Program Files\Java\jdk1.8.0_121\bin;C:\Program Files\Java\jre1.8.0_121\bin;C:\ProgramData\Microsoft\Windows\Start Menu\Programs\Python36-32\;C:\Program Files\nodejs\;C:\Program Files (x86)\EaseUS\Todo Backup\bin\x64\;C:\Users\students\AppData\Local\Programs\Git\cmd;C:\eclipse mars;
USERNAME=students
OS=Windows_NT
PROCESSOR_IDENTIFIER=Intel64 Family 6 Model 15 Stepping 11, GenuineIntel



---------------  S Y S T E M  ---------------

OS:Failed to allocate version_info

CPU:total 2 (initial active 2) (2 cores per cpu, 1 threads per core) family 6 model 15 stepping 11, cmov, cx8, fxsr, mmx, sse, sse2, sse3, ssse3, tsc

Memory: 4k page, physical 2088376k(340272k free), swap 6282680k(5092k free)

vm_info: Java HotSpot(TM) 64-Bit Server VM (25.151-b12) for windows-amd64 JRE (1.8.0_151-b12), built on Sep  5 2017 19:33:46 by "java_re" with MS VC++ 10.0 (VS2010)

time: Tue Nov 14 12:08:09 2017
elapsed time: 0 seconds (0d 0h 0m 0s)

