#
# There is insufficient memory for the Java Runtime Environment to continue.
# Native memory allocation (malloc) failed to allocate 137664 bytes for Chunk::new
# Possible reasons:
#   The system is out of physical RAM or swap space
#   In 32 bit mode, the process size limit was hit
# Possible solutions:
#   Reduce memory load on the system
#   Increase physical memory or swap space
#   Check if swap backing store is full
#   Use 64 bit Java on a 64 bit OS
#   Decrease Java heap size (-Xmx/-Xms)
#   Decrease number of Java threads
#   Decrease Java thread stack sizes (-Xss)
#   Set larger code cache with -XX:ReservedCodeCacheSize=
# This output file may be truncated or incomplete.
#
#  Out of Memory Error (allocation.cpp:390), pid=5592, tid=0x0000000000001738
#
# JRE version: Java(TM) SE Runtime Environment (8.0_151-b12) (build 1.8.0_151-b12)
# Java VM: Java HotSpot(TM) 64-Bit Server VM (25.151-b12 mixed mode windows-amd64 compressed oops)
# Failed to write core dump. Minidumps are not enabled by default on client versions of Windows
#

---------------  T H R E A D  ---------------

Current thread (0x000000005395d000):  JavaThread "C2 CompilerThread0" daemon [_thread_in_native, id=5944, stack(0x0000000054c40000,0x0000000054d40000)]

Stack: [0x0000000054c40000,0x0000000054d40000]
[error occurred during error reporting (printing stack bounds), id 0xc0000005]

Native frames: (J=compiled Java code, j=interpreted, Vv=VM code, C=native code)


Current CompileTask:
C2:    650  498   !   4       sun.misc.URLClassPath$JarLoader::getResource (85 bytes)


---------------  P R O C E S S  ---------------

Java Threads: ( => current thread )
  0x0000000054f20800 JavaThread "Service Thread" daemon [_thread_blocked, id=4224, stack(0x0000000055390000,0x0000000055490000)]
  0x0000000053977800 JavaThread "C1 CompilerThread1" daemon [_thread_in_native, id=5452, stack(0x0000000054e00000,0x0000000054f00000)]
=>0x000000005395d000 JavaThread "C2 CompilerThread0" daemon [_thread_in_native, id=5944, stack(0x0000000054c40000,0x0000000054d40000)]
  0x0000000053957000 JavaThread "Attach Listener" daemon [_thread_blocked, id=2164, stack(0x0000000054a80000,0x0000000054b80000)]
  0x0000000053955800 JavaThread "Signal Dispatcher" daemon [_thread_blocked, id=5912, stack(0x0000000054790000,0x0000000054890000)]
  0x000000005393e800 JavaThread "Finalizer" daemon [_thread_blocked, id=4788, stack(0x00000000548a0000,0x00000000549a0000)]
  0x00000000538f7000 JavaThread "Reference Handler" daemon [_thread_blocked, id=1076, stack(0x0000000054680000,0x0000000054780000)]
  0x00000000021ce000 JavaThread "main" [_thread_in_vm, id=3816, stack(0x00000000024f0000,0x00000000025f0000)]

Other Threads:
  0x00000000538ed800 VMThread [stack: 0x00000000544f0000,0x00000000545f0000] [id=1512]
  0x0000000054f33800 WatcherThread [stack: 0x0000000055660000,0x0000000055760000] [id=5352]

VM state:not at safepoint (normal execution)

VM Mutex/Monitor currently owned by a thread:  ([mutex/lock_event])
[0x00000000021ccfb0] Compile_lock - owner thread: 0x0000000053977800
[0x00000000021cd0b0] MethodCompileQueue_lock - owner thread: 0x0000000053977800

Heap:
 PSYoungGen      total 18432K, used 6328K [0x00000000f5600000, 0x00000000f6900000, 0x0000000100000000)
  eden space 17408K, 30% used [0x00000000f5600000,0x00000000f5b31298,0x00000000f6700000)
  from space 1024K, 98% used [0x00000000f6800000,0x00000000f68fd0a8,0x00000000f6900000)
  to   space 1024K, 0% used [0x00000000f6700000,0x00000000f6700000,0x00000000f6800000)
 ParOldGen       total 22016K, used 727K [0x00000000e0200000, 0x00000000e1780000, 0x00000000f5600000)
  object space 22016K, 3% used [0x00000000e0200000,0x00000000e02b5d58,0x00000000e1780000)
 Metaspace       used 8236K, capacity 8406K, committed 8576K, reserved 1056768K
  class space    used 1026K, capacity 1078K, committed 1152K, reserved 1048576K

Card table byte_map: [0x00000000022d0000,0x00000000023d0000] byte_map_base: 0x0000000001bcf000

Marking Bits: (ParMarkBitMap*) 0x000000007028d850
 Begin Bits: [0x0000000011fd0000, 0x00000000127c8000)
 End Bits:   [0x00000000127c8000, 0x0000000012fc0000)

Polling page: 0x0000000000330000

CodeCache: size=245760Kb used=2302Kb max_used=2302Kb free=243457Kb
 bounds [0x00000000028c0000, 0x0000000002b30000, 0x00000000118c0000]
 total_blobs=826 nmethods=536 adapters=205
 compilation: enabled

Compilation events (10 events):
Event: 0.639 Thread 0x0000000053977800 nmethod 514 0x0000000002aefad0 code [0x0000000002aefc40, 0x0000000002aefe50]
Event: 0.640 Thread 0x0000000053977800  515       3       sun.misc.ProxyGenerator$ConstantPool$IndirectEntry::hashCode (15 bytes)
Event: 0.640 Thread 0x0000000053977800 nmethod 515 0x0000000002aeff50 code [0x0000000002af00a0, 0x0000000002af0210]
Event: 0.640 Thread 0x0000000053977800  516       3       sun.misc.ProxyGenerator$ConstantPool::getIndirect (67 bytes)
Event: 0.640 Thread 0x0000000053977800 nmethod 516 0x0000000002af0290 code [0x0000000002af0460, 0x0000000002af0bb8]
Event: 0.640 Thread 0x0000000053977800  517       3       sun.misc.ProxyGenerator$ConstantPool::getValue (91 bytes)
Event: 0.641 Thread 0x0000000053977800 nmethod 517 0x0000000002af0e90 code [0x0000000002af1120, 0x0000000002af2278]
Event: 0.642 Thread 0x0000000053977800  518       3       sun.misc.ProxyGenerator$ConstantPool$IndirectEntry::equals (49 bytes)
Event: 0.642 Thread 0x0000000053977800 nmethod 518 0x0000000002af2b10 code [0x0000000002af2c80, 0x0000000002af30b0]
Event: 0.642 Thread 0x0000000053977800  519       3       java.io.DataOutputStream::writeUTF (435 bytes)

GC Heap History (8 events):
Event: 0.155 GC heap before
{Heap before GC invocations=1 (full 0):
 PSYoungGen      total 9728K, used 8689K [0x00000000f5600000, 0x00000000f6080000, 0x0000000100000000)
  eden space 8704K, 99% used [0x00000000f5600000,0x00000000f5e7c5b8,0x00000000f5e80000)
  from space 1024K, 0% used [0x00000000f5f80000,0x00000000f5f80000,0x00000000f6080000)
  to   space 1024K, 0% used [0x00000000f5e80000,0x00000000f5e80000,0x00000000f5f80000)
 ParOldGen       total 22016K, used 0K [0x00000000e0200000, 0x00000000e1780000, 0x00000000f5600000)
  object space 22016K, 0% used [0x00000000e0200000,0x00000000e0200000,0x00000000e1780000)
 Metaspace       used 2708K, capacity 4486K, committed 4864K, reserved 1056768K
  class space    used 303K, capacity 386K, committed 512K, reserved 1048576K
Event: 0.156 GC heap after
Heap after GC invocations=1 (full 0):
 PSYoungGen      total 9728K, used 556K [0x00000000f5600000, 0x00000000f6080000, 0x0000000100000000)
  eden space 8704K, 0% used [0x00000000f5600000,0x00000000f5600000,0x00000000f5e80000)
  from space 1024K, 54% used [0x00000000f5e80000,0x00000000f5f0b270,0x00000000f5f80000)
  to   space 1024K, 0% used [0x00000000f5f80000,0x00000000f5f80000,0x00000000f6080000)
 ParOldGen       total 22016K, used 8K [0x00000000e0200000, 0x00000000e1780000, 0x00000000f5600000)
  object space 22016K, 0% used [0x00000000e0200000,0x00000000e0202000,0x00000000e1780000)
 Metaspace       used 2708K, capacity 4486K, committed 4864K, reserved 1056768K
  class space    used 303K, capacity 386K, committed 512K, reserved 1048576K
}
Event: 0.162 GC heap before
{Heap before GC invocations=2 (full 0):
 PSYoungGen      total 9728K, used 9257K [0x00000000f5600000, 0x00000000f6080000, 0x0000000100000000)
  eden space 8704K, 99% used [0x00000000f5600000,0x00000000f5e7f3a8,0x00000000f5e80000)
  from space 1024K, 54% used [0x00000000f5e80000,0x00000000f5f0b270,0x00000000f5f80000)
  to   space 1024K, 0% used [0x00000000f5f80000,0x00000000f5f80000,0x00000000f6080000)
 ParOldGen       total 22016K, used 8K [0x00000000e0200000, 0x00000000e1780000, 0x00000000f5600000)
  object space 22016K, 0% used [0x00000000e0200000,0x00000000e0202000,0x00000000e1780000)
 Metaspace       used 2708K, capacity 4486K, committed 4864K, reserved 1056768K
  class space    used 303K, capacity 386K, committed 512K, reserved 1048576K
Event: 0.167 GC heap after
Heap after GC invocations=2 (full 0):
 PSYoungGen      total 9728K, used 504K [0x00000000f5600000, 0x00000000f6900000, 0x0000000100000000)
  eden space 8704K, 0% used [0x00000000f5600000,0x00000000f5600000,0x00000000f5e80000)
  from space 1024K, 49% used [0x00000000f5f80000,0x00000000f5ffe2d8,0x00000000f6080000)
  to   space 1024K, 0% used [0x00000000f5e80000,0x00000000f5e80000,0x00000000f5f80000)
 ParOldGen       total 22016K, used 8K [0x00000000e0200000, 0x00000000e1780000, 0x00000000f5600000)
  object space 22016K, 0% used [0x00000000e0200000,0x00000000e0202000,0x00000000e1780000)
 Metaspace       used 2708K, capacity 4486K, committed 4864K, reserved 1056768K
  class space    used 303K, capacity 386K, committed 512K, reserved 1048576K
}
Event: 0.173 GC heap before
{Heap before GC invocations=3 (full 0):
 PSYoungGen      total 9728K, used 9181K [0x00000000f5600000, 0x00000000f6900000, 0x0000000100000000)
  eden space 8704K, 99% used [0x00000000f5600000,0x00000000f5e794a0,0x00000000f5e80000)
  from space 1024K, 49% used [0x00000000f5f80000,0x00000000f5ffe2d8,0x00000000f6080000)
  to   space 1024K, 0% used [0x00000000f5e80000,0x00000000f5e80000,0x00000000f5f80000)
 ParOldGen       total 22016K, used 8K [0x00000000e0200000, 0x00000000e1780000, 0x00000000f5600000)
  object space 22016K, 0% used [0x00000000e0200000,0x00000000e0202000,0x00000000e1780000)
 Metaspace       used 2708K, capacity 4486K, committed 4864K, reserved 1056768K
  class space    used 303K, capacity 386K, committed 512K, reserved 1048576K
Event: 0.175 GC heap after
Heap after GC invocations=3 (full 0):
 PSYoungGen      total 9728K, used 516K [0x00000000f5600000, 0x00000000f6900000, 0x0000000100000000)
  eden space 8704K, 0% used [0x00000000f5600000,0x00000000f5600000,0x00000000f5e80000)
  from space 1024K, 50% used [0x00000000f5e80000,0x00000000f5f01178,0x00000000f5f80000)
  to   space 1024K, 0% used [0x00000000f6800000,0x00000000f6800000,0x00000000f6900000)
 ParOldGen       total 22016K, used 8K [0x00000000e0200000, 0x00000000e1780000, 0x00000000f5600000)
  object space 22016K, 0% used [0x00000000e0200000,0x00000000e0202000,0x00000000e1780000)
 Metaspace       used 2708K, capacity 4486K, committed 4864K, reserved 1056768K
  class space    used 303K, capacity 386K, committed 512K, reserved 1048576K
}
Event: 0.418 GC heap before
{Heap before GC invocations=4 (full 0):
 PSYoungGen      total 9728K, used 9220K [0x00000000f5600000, 0x00000000f6900000, 0x0000000100000000)
  eden space 8704K, 100% used [0x00000000f5600000,0x00000000f5e80000,0x00000000f5e80000)
  from space 1024K, 50% used [0x00000000f5e80000,0x00000000f5f01178,0x00000000f5f80000)
  to   space 1024K, 0% used [0x00000000f6800000,0x00000000f6800000,0x00000000f6900000)
 ParOldGen       total 22016K, used 8K [0x00000000e0200000, 0x00000000e1780000, 0x00000000f5600000)
  object space 22016K, 0% used [0x00000000e0200000,0x00000000e0202000,0x00000000e1780000)
 Metaspace       used 5419K, capacity 5862K, committed 6144K, reserved 1056768K
  class space    used 659K, capacity 726K, committed 768K, reserved 1048576K
Event: 0.421 GC heap after
Heap after GC invocations=4 (full 0):
 PSYoungGen      total 18432K, used 1012K [0x00000000f5600000, 0x00000000f6900000, 0x0000000100000000)
  eden space 17408K, 0% used [0x00000000f5600000,0x00000000f5600000,0x00000000f6700000)
  from space 1024K, 98% used [0x00000000f6800000,0x00000000f68fd0a8,0x00000000f6900000)
  to   space 1024K, 0% used [0x00000000f6700000,0x00000000f6700000,0x00000000f6800000)
 ParOldGen       total 22016K, used 727K [0x00000000e0200000, 0x00000000e1780000, 0x00000000f5600000)
  object space 22016K, 3% used [0x00000000e0200000,0x00000000e02b5d58,0x00000000e1780000)
 Metaspace       used 5419K, capacity 5862K, committed 6144K, reserved 1056768K
  class space    used 659K, capacity 726K, committed 768K, reserved 1048576K
}

Deoptimization events (5 events):
Event: 0.510 Thread 0x00000000021ce000 Uncommon trap: reason=class_check action=maybe_recompile pc=0x0000000002aa7834 method=java.util.regex.Pattern$BmpCharProperty.match(Ljava/util/regex/Matcher;ILjava/lang/CharSequence;)Z @ 31
Event: 0.510 Thread 0x00000000021ce000 Uncommon trap: reason=class_check action=maybe_recompile pc=0x0000000002aa7834 method=java.util.regex.Pattern$BmpCharProperty.match(Ljava/util/regex/Matcher;ILjava/lang/CharSequence;)Z @ 31
Event: 0.510 Thread 0x00000000021ce000 Uncommon trap: reason=class_check action=maybe_recompile pc=0x0000000002aa7834 method=java.util.regex.Pattern$BmpCharProperty.match(Ljava/util/regex/Matcher;ILjava/lang/CharSequence;)Z @ 31
Event: 0.511 Thread 0x00000000021ce000 Uncommon trap: reason=class_check action=maybe_recompile pc=0x0000000002aa7834 method=java.util.regex.Pattern$BmpCharProperty.match(Ljava/util/regex/Matcher;ILjava/lang/CharSequence;)Z @ 31
Event: 0.601 Thread 0x00000000021ce000 Uncommon trap: reason=unstable_if action=reinterpret pc=0x0000000002a48810 method=java.lang.String.indexOf([CII[CIII)I @ 134

Internal exceptions (10 events):
Event: 0.054 Thread 0x00000000021ce000 Exception <a 'java/lang/NoSuchMethodError': Method sun.misc.Unsafe.defineClass(Ljava/lang/String;[BII)Ljava/lang/Class; name or signature does not match> (0x00000000f5607ca8) thrown at [C:\re\workspace\8-2-build-windows-amd64-cygwin\jdk8u151\9699\hotspot\
Event: 0.054 Thread 0x00000000021ce000 Exception <a 'java/lang/NoSuchMethodError': Method sun.misc.Unsafe.prefetchRead(Ljava/lang/Object;J)V name or signature does not match> (0x00000000f5607f90) thrown at [C:\re\workspace\8-2-build-windows-amd64-cygwin\jdk8u151\9699\hotspot\src\share\vm\prims
Event: 0.251 Thread 0x00000000021ce000 Exception <a 'java/security/PrivilegedActionException'> (0x00000000f5a41a10) thrown at [C:\re\workspace\8-2-build-windows-amd64-cygwin\jdk8u151\9699\hotspot\src\share\vm\prims\jvm.cpp, line 1390]
Event: 0.251 Thread 0x00000000021ce000 Exception <a 'java/security/PrivilegedActionException'> (0x00000000f5a41c20) thrown at [C:\re\workspace\8-2-build-windows-amd64-cygwin\jdk8u151\9699\hotspot\src\share\vm\prims\jvm.cpp, line 1390]
Event: 0.251 Thread 0x00000000021ce000 Exception <a 'java/security/PrivilegedActionException'> (0x00000000f5a45a78) thrown at [C:\re\workspace\8-2-build-windows-amd64-cygwin\jdk8u151\9699\hotspot\src\share\vm\prims\jvm.cpp, line 1390]
Event: 0.251 Thread 0x00000000021ce000 Exception <a 'java/security/PrivilegedActionException'> (0x00000000f5a45c88) thrown at [C:\re\workspace\8-2-build-windows-amd64-cygwin\jdk8u151\9699\hotspot\src\share\vm\prims\jvm.cpp, line 1390]
Event: 0.348 Thread 0x00000000021ce000 Exception <a 'java/lang/NoSuchFieldError': method resolution failed> (0x00000000f5c62050) thrown at [C:\re\workspace\8-2-build-windows-amd64-cygwin\jdk8u151\9699\hotspot\src\share\vm\prims\methodHandles.cpp, line 1146]
Event: 0.351 Thread 0x00000000021ce000 Exception <a 'java/lang/NoSuchFieldError': method resolution failed> (0x00000000f5c6f3e0) thrown at [C:\re\workspace\8-2-build-windows-amd64-cygwin\jdk8u151\9699\hotspot\src\share\vm\prims\methodHandles.cpp, line 1146]
Event: 0.612 Thread 0x00000000021ce000 Exception <a 'java/lang/ClassNotFoundException': com/sun/org/glassfish/hk2/osgiresourcelocator/ServiceLoader> (0x00000000f5aa4700) thrown at [C:\re\workspace\8-2-build-windows-amd64-cygwin\jdk8u151\9699\hotspot\src\share\vm\classfile\systemDictionary.cpp,
Event: 0.616 Thread 0x00000000021ce000 Exception <a 'java/lang/NullPointerException'> (0x00000000f5aab6b8) thrown at [C:\re\workspace\8-2-build-windows-amd64-cygwin\jdk8u151\9699\hotspot\src\share\vm\interpreter\linkResolver.cpp, line 1285]

Events (10 events):
Event: 0.634 loading class sun/misc/ProxyGenerator$PrimitiveTypeInfo
Event: 0.634 loading class sun/misc/ProxyGenerator$PrimitiveTypeInfo done
Event: 0.634 loading class sun/misc/ProxyGenerator$ExceptionTableEntry
Event: 0.634 loading class sun/misc/ProxyGenerator$ExceptionTableEntry done
Event: 0.638 loading class java/lang/reflect/WeakCache$CacheValue
Event: 0.638 loading class java/lang/reflect/WeakCache$Value
Event: 0.638 loading class java/lang/reflect/WeakCache$Value done
Event: 0.638 loading class java/lang/reflect/WeakCache$CacheValue done
Event: 0.638 loading class sun/reflect/annotation/AnnotationTypeMismatchExceptionProxy
Event: 0.638 loading class sun/reflect/annotation/AnnotationTypeMismatchExceptionProxy done


Dynamic libraries:
0x000000013fd20000 - 0x000000013fd57000 	C:\Program Files\Java\jre1.8.0_151\bin\javaw.exe
0x0000000077560000 - 0x000000007770a000 	C:\Windows\SYSTEM32\ntdll.dll
0x0000000077340000 - 0x000000007745f000 	C:\Windows\system32\kernel32.dll
0x000007fefd650000 - 0x000007fefd6ba000 	C:\Windows\system32\KERNELBASE.dll
0x000007fefe740000 - 0x000007fefe81b000 	C:\Windows\system32\ADVAPI32.dll
0x000007fefefa0000 - 0x000007feff03f000 	C:\Windows\system32\msvcrt.dll
0x000007fefe900000 - 0x000007fefe91f000 	C:\Windows\SYSTEM32\sechost.dll
0x000007feff530000 - 0x000007feff65d000 	C:\Windows\system32\RPCRT4.dll
0x0000000077460000 - 0x000000007755a000 	C:\Windows\system32\USER32.dll
0x000007fefeeb0000 - 0x000007fefef17000 	C:\Windows\system32\GDI32.dll
0x000007feff700000 - 0x000007feff70e000 	C:\Windows\system32\LPK.dll
0x000007fefd6e0000 - 0x000007fefd7aa000 	C:\Windows\system32\USP10.dll
0x000007fefbc80000 - 0x000007fefbe74000 	C:\Windows\WinSxS\amd64_microsoft.windows.common-controls_6595b64144ccf1df_6.0.7601.17514_none_fa396087175ac9ac\COMCTL32.dll
0x000007fefef20000 - 0x000007fefef91000 	C:\Windows\system32\SHLWAPI.dll
0x000007feff2f0000 - 0x000007feff31e000 	C:\Windows\system32\IMM32.DLL
0x000007feff710000 - 0x000007feff819000 	C:\Windows\system32\MSCTF.dll
0x00000000745a0000 - 0x0000000074672000 	C:\Program Files\Java\jre1.8.0_151\bin\msvcr100.dll
0x000000006fa70000 - 0x000000007030d000 	C:\Program Files\Java\jre1.8.0_151\bin\server\jvm.dll
0x000007fef4530000 - 0x000007fef4539000 	C:\Windows\system32\WSOCK32.dll
0x000007feff820000 - 0x000007feff86d000 	C:\Windows\system32\WS2_32.dll
0x000007fefd6d0000 - 0x000007fefd6d8000 	C:\Windows\system32\NSI.dll
0x000007fefac80000 - 0x000007fefacbb000 	C:\Windows\system32\WINMM.dll
0x000007fefc4d0000 - 0x000007fefc4dc000 	C:\Windows\system32\VERSION.dll
0x0000000077720000 - 0x0000000077727000 	C:\Windows\system32\PSAPI.DLL
0x0000000074590000 - 0x000000007459f000 	C:\Program Files\Java\jre1.8.0_151\bin\verify.dll
0x0000000074560000 - 0x0000000074589000 	C:\Program Files\Java\jre1.8.0_151\bin\java.dll
0x0000000074540000 - 0x0000000074556000 	C:\Program Files\Java\jre1.8.0_151\bin\zip.dll
0x000007fefd7d0000 - 0x000007fefe558000 	C:\Windows\system32\SHELL32.dll
0x000007feff040000 - 0x000007feff243000 	C:\Windows\system32\ole32.dll
0x000007fefd310000 - 0x000007fefd31f000 	C:\Windows\system32\profapi.dll

VM Arguments:
jvm_args: -Dfile.encoding=Cp1252 
java_command: org.firstclass.Solution
java_class_path (initial): C:\Users\students\sree java\bin;E:\database\ojdbc6.jar;E:\hypernet\required\antlr-2.7.7.jar;E:\hypernet\required\classmate-1.3.0.jar;E:\hypernet\required\dom4j-1.6.1.jar;E:\hypernet\required\hibernate-commons-annotations-5.0.1.Final.jar;E:\hypernet\required\hibernate-core-5.2.8.Final.jar;E:\hypernet\required\hibernate-jpa-2.1-api-1.0.0.Final.jar;E:\hypernet\required\jandex-2.0.3.Final.jar;E:\hypernet\required\javassist-3.20.0-GA.jar;E:\hypernet\required\jboss-logging-3.3.0.Final.jar;E:\hypernet\required\jboss-transaction-api_1.2_spec-1.0.1.Final.jar;E:\database\mysql-connector-java-5.1.21 (1).jar
Launcher Type: SUN_STANDARD

Environment Variables:
PATH=C:/Program Files/Java/jre1.8.0_151/bin/server;C:/Program Files/Java/jre1.8.0_151/bin;C:/Program Files/Java/jre1.8.0_151/lib/amd64;C:\oraclexe\app\oracle\product\11.2.0\server\bin;;C:\ProgramData\Oracle\Java\javapath;C:\Windows\system32;C:\Windows;C:\Windows\System32\Wbem;C:\Windows\System32\WindowsPowerShell\v1.0\;C:\Program Files\Java\jdk1.8.0_121\bin;C:\Program Files\Java\jre1.8.0_121\bin;C:\ProgramData\Microsoft\Windows\Start Menu\Programs\Python36-32\;C:\Program Files\nodejs\;C:\oraclexe\app\oracle\product\11.2.0\server\bin;C:\ProgramData\Oracle\Java\javapath;C:\Windows\system32;C:\Windows;C:\Windows\System32\Wbem;C:\Windows\System32\WindowsPowerShell\v1.0\;C:\Program Files\Java\jdk1.8.0_121\bin;C:\Program Files\Java\jre1.8.0_121\bin;C:\ProgramData\Microsoft\Windows\Start Menu\Programs\Python36-32\;C:\Program Files\nodejs\;C:\Program Files (x86)\EaseUS\Todo Backup\bin\x64\;C:\Users\students\AppData\Local\Programs\Git\cmd;C:\eclipse mars;
USERNAME=students
OS=Windows_NT
PROCESSOR_IDENTIFIER=Intel64 Family 6 Model 15 Stepping 11, GenuineIntel



---------------  S Y S T E M  ---------------

OS: Windows 7 , 64 bit Build 7601 (6.1.7601.23677)

CPU:total 2 (initial active 2) (2 cores per cpu, 1 threads per core) family 6 model 15 stepping 11, cmov, cx8, fxsr, mmx, sse, sse2, sse3, ssse3, tsc

Memory: 4k page, physical 2088376k(500432k free), swap 6282680k(5164k free)

vm_info: Java HotSpot(TM) 64-Bit Server VM (25.151-b12) for windows-amd64 JRE (1.8.0_151-b12), built on Sep  5 2017 19:33:46 by "java_re" with MS VC++ 10.0 (VS2010)

time: Tue Nov 14 12:16:41 2017
elapsed time: 0 seconds (0d 0h 0m 0s)

