#
# There is insufficient memory for the Java Runtime Environment to continue.
# Native memory allocation (malloc) failed to allocate 32744 bytes for ChunkPool::allocate
# Possible reasons:
#   The system is out of physical RAM or swap space
#   In 32 bit mode, the process size limit was hit
# Possible solutions:
#   Reduce memory load on the system
#   Increase physical memory or swap space
#   Check if swap backing store is full
#   Use 64 bit Java on a 64 bit OS
#   Decrease Java heap size (-Xmx/-Xms)
#   Decrease number of Java threads
#   Decrease Java thread stack sizes (-Xss)
#   Set larger code cache with -XX:ReservedCodeCacheSize=
# This output file may be truncated or incomplete.
#
#  Out of Memory Error (allocation.cpp:273), pid=3252, tid=0x00000000000014a4
#
# JRE version: Java(TM) SE Runtime Environment (8.0_151-b12) (build 1.8.0_151-b12)
# Java VM: Java HotSpot(TM) 64-Bit Server VM (25.151-b12 mixed mode windows-amd64 compressed oops)
# Failed to write core dump. Minidumps are not enabled by default on client versions of Windows
#

---------------  T H R E A D  ---------------

Current thread (0x0000000053a5c800):  JavaThread "C2 CompilerThread0" daemon [_thread_in_native, id=5284, stack(0x0000000054c90000,0x0000000054d90000)]

Stack: [0x0000000054c90000,0x0000000054d90000]
[error occurred during error reporting (printing stack bounds), id 0xc0000005]

Native frames: (J=compiled Java code, j=interpreted, Vv=VM code, C=native code)


Current CompileTask:
C2:   2426 1299   !   4       java.net.URL::<init> (543 bytes)


---------------  P R O C E S S  ---------------

Java Threads: ( => current thread )
  0x000000005594f000 JavaThread "pool-1-thread-1" [_thread_blocked, id=6000, stack(0x00000000570c0000,0x00000000571c0000)]
  0x00000000558a1000 JavaThread "Abandoned connection cleanup thread" daemon [_thread_blocked, id=3280, stack(0x0000000056100000,0x0000000056200000)]
  0x0000000053abc800 JavaThread "Service Thread" daemon [_thread_blocked, id=5380, stack(0x0000000054b60000,0x0000000054c60000)]
  0x0000000053a73800 JavaThread "C1 CompilerThread1" daemon [_thread_blocked, id=5900, stack(0x0000000054e10000,0x0000000054f10000)]
=>0x0000000053a5c800 JavaThread "C2 CompilerThread0" daemon [_thread_in_native, id=5284, stack(0x0000000054c90000,0x0000000054d90000)]
  0x0000000053a57000 JavaThread "Attach Listener" daemon [_thread_blocked, id=3672, stack(0x0000000054a30000,0x0000000054b30000)]
  0x0000000053a55800 JavaThread "Signal Dispatcher" daemon [_thread_blocked, id=5920, stack(0x00000000548b0000,0x00000000549b0000)]
  0x0000000053a3e800 JavaThread "Finalizer" daemon [_thread_blocked, id=5692, stack(0x0000000054780000,0x0000000054880000)]
  0x00000000539f7000 JavaThread "Reference Handler" daemon [_thread_blocked, id=6040, stack(0x0000000054470000,0x0000000054570000)]
  0x00000000020de000 JavaThread "main" [_thread_in_vm, id=5948, stack(0x0000000002460000,0x0000000002560000)]

Other Threads:
  0x00000000539ed800 VMThread [stack: 0x0000000054580000,0x0000000054680000] [id=6044]
  0x0000000054f3f800 WatcherThread [stack: 0x0000000055350000,0x0000000055450000] [id=5300]

VM state:not at safepoint (normal execution)

VM Mutex/Monitor currently owned by a thread: None

Heap:
 PSYoungGen      total 18432K, used 5473K [0x00000000f5600000, 0x00000000f6900000, 0x0000000100000000)
  eden space 17408K, 31% used [0x00000000f5600000,0x00000000f5b585e8,0x00000000f6700000)
  from space 1024K, 0% used [0x00000000f6700000,0x00000000f6700000,0x00000000f6800000)
  to   space 1024K, 0% used [0x00000000f6800000,0x00000000f6800000,0x00000000f6900000)
 ParOldGen       total 22016K, used 9934K [0x00000000e0200000, 0x00000000e1780000, 0x00000000f5600000)
  object space 22016K, 45% used [0x00000000e0200000,0x00000000e0bb3b28,0x00000000e1780000)
 Metaspace       used 22168K, capacity 22434K, committed 22576K, reserved 1069056K
  class space    used 2933K, capacity 3034K, committed 3120K, reserved 1048576K

Card table byte_map: [0x00000000021e0000,0x00000000022e0000] byte_map_base: 0x0000000001adf000

Marking Bits: (ParMarkBitMap*) 0x000000007028d850
 Begin Bits: [0x00000000120d0000, 0x00000000128c8000)
 End Bits:   [0x00000000128c8000, 0x00000000130c0000)

Polling page: 0x0000000001c50000

CodeCache: size=245760Kb used=4517Kb max_used=4527Kb free=241242Kb
 bounds [0x0000000002830000, 0x0000000002ca0000, 0x0000000011830000]
 total_blobs=1767 nmethods=1299 adapters=382
 compilation: enabled

Compilation events (10 events):
Event: 2.363 Thread 0x0000000053a5c800 nmethod 1295 0x0000000002c9c610 code [0x0000000002c9c760, 0x0000000002c9cad8]
Event: 2.365 Thread 0x0000000053a73800 1296       3       java.lang.Character::isSurrogate (18 bytes)
Event: 2.366 Thread 0x0000000053a73800 nmethod 1296 0x0000000002c9b0d0 code [0x0000000002c9b220, 0x0000000002c9b3f0]
Event: 2.366 Thread 0x0000000053a73800 1297       3       java.util.regex.Pattern::isSupplementary (20 bytes)
Event: 2.366 Thread 0x0000000053a73800 nmethod 1297 0x0000000002c9abd0 code [0x0000000002c9ad40, 0x0000000002c9b010]
Event: 2.373 Thread 0x0000000053a5c800 1298   !   4       java.util.WeakHashMap::expungeStaleEntries (139 bytes)
Event: 2.383 Thread 0x0000000053a5c800 nmethod 1298 0x0000000002c98590 code [0x0000000002c98700, 0x0000000002c99078]
Event: 2.383 Thread 0x0000000053a5c800 1299   !   4       java.net.URL::<init> (543 bytes)
Event: 2.387 Thread 0x0000000053a73800 1300       3       java.lang.String::<init> (100 bytes)
Event: 2.387 Thread 0x0000000053a73800 nmethod 1300 0x0000000002c99fd0 code [0x0000000002c9a180, 0x0000000002c9a668]

GC Heap History (10 events):
Event: 0.456 GC heap before
{Heap before GC invocations=4 (full 0):
 PSYoungGen      total 9728K, used 9220K [0x00000000f5600000, 0x00000000f6900000, 0x0000000100000000)
  eden space 8704K, 100% used [0x00000000f5600000,0x00000000f5e80000,0x00000000f5e80000)
  from space 1024K, 50% used [0x00000000f5e80000,0x00000000f5f01178,0x00000000f5f80000)
  to   space 1024K, 0% used [0x00000000f6800000,0x00000000f6800000,0x00000000f6900000)
 ParOldGen       total 22016K, used 8K [0x00000000e0200000, 0x00000000e1780000, 0x00000000f5600000)
  object space 22016K, 0% used [0x00000000e0200000,0x00000000e0202000,0x00000000e1780000)
 Metaspace       used 5441K, capacity 5862K, committed 6144K, reserved 1056768K
  class space    used 659K, capacity 726K, committed 768K, reserved 1048576K
Event: 0.469 GC heap after
Heap after GC invocations=4 (full 0):
 PSYoungGen      total 18432K, used 996K [0x00000000f5600000, 0x00000000f6900000, 0x0000000100000000)
  eden space 17408K, 0% used [0x00000000f5600000,0x00000000f5600000,0x00000000f6700000)
  from space 1024K, 97% used [0x00000000f6800000,0x00000000f68f9098,0x00000000f6900000)
  to   space 1024K, 0% used [0x00000000f6700000,0x00000000f6700000,0x00000000f6800000)
 ParOldGen       total 22016K, used 719K [0x00000000e0200000, 0x00000000e1780000, 0x00000000f5600000)
  object space 22016K, 3% used [0x00000000e0200000,0x00000000e02b3d58,0x00000000e1780000)
 Metaspace       used 5441K, capacity 5862K, committed 6144K, reserved 1056768K
  class space    used 659K, capacity 726K, committed 768K, reserved 1048576K
}
Event: 1.252 GC heap before
{Heap before GC invocations=5 (full 0):
 PSYoungGen      total 18432K, used 18404K [0x00000000f5600000, 0x00000000f6900000, 0x0000000100000000)
  eden space 17408K, 100% used [0x00000000f5600000,0x00000000f6700000,0x00000000f6700000)
  from space 1024K, 97% used [0x00000000f6800000,0x00000000f68f9098,0x00000000f6900000)
  to   space 1024K, 0% used [0x00000000f6700000,0x00000000f6700000,0x00000000f6800000)
 ParOldGen       total 22016K, used 719K [0x00000000e0200000, 0x00000000e1780000, 0x00000000f5600000)
  object space 22016K, 3% used [0x00000000e0200000,0x00000000e02b3d58,0x00000000e1780000)
 Metaspace       used 14259K, capacity 14438K, committed 14592K, reserved 1062912K
  class space    used 1946K, capacity 2036K, committed 2048K, reserved 1048576K
Event: 1.263 GC heap after
Heap after GC invocations=5 (full 0):
 PSYoungGen      total 18432K, used 1011K [0x00000000f5600000, 0x00000000f6900000, 0x0000000100000000)
  eden space 17408K, 0% used [0x00000000f5600000,0x00000000f5600000,0x00000000f6700000)
  from space 1024K, 98% used [0x00000000f6700000,0x00000000f67fccb8,0x00000000f6800000)
  to   space 1024K, 0% used [0x00000000f6800000,0x00000000f6800000,0x00000000f6900000)
 ParOldGen       total 22016K, used 4593K [0x00000000e0200000, 0x00000000e1780000, 0x00000000f5600000)
  object space 22016K, 20% used [0x00000000e0200000,0x00000000e067c768,0x00000000e1780000)
 Metaspace       used 14259K, capacity 14438K, committed 14592K, reserved 1062912K
  class space    used 1946K, capacity 2036K, committed 2048K, reserved 1048576K
}
Event: 2.012 GC heap before
{Heap before GC invocations=6 (full 0):
 PSYoungGen      total 18432K, used 18419K [0x00000000f5600000, 0x00000000f6900000, 0x0000000100000000)
  eden space 17408K, 100% used [0x00000000f5600000,0x00000000f6700000,0x00000000f6700000)
  from space 1024K, 98% used [0x00000000f6700000,0x00000000f67fccb8,0x00000000f6800000)
  to   space 1024K, 0% used [0x00000000f6800000,0x00000000f6800000,0x00000000f6900000)
 ParOldGen       total 22016K, used 4593K [0x00000000e0200000, 0x00000000e1780000, 0x00000000f5600000)
  object space 22016K, 20% used [0x00000000e0200000,0x00000000e067c768,0x00000000e1780000)
 Metaspace       used 19372K, capacity 19532K, committed 19840K, reserved 1067008K
  class space    used 2560K, capacity 2645K, committed 2688K, reserved 1048576K
Event: 2.022 GC heap after
Heap after GC invocations=6 (full 0):
 PSYoungGen      total 18432K, used 1012K [0x00000000f5600000, 0x00000000f6900000, 0x0000000100000000)
  eden space 17408K, 0% used [0x00000000f5600000,0x00000000f5600000,0x00000000f6700000)
  from space 1024K, 98% used [0x00000000f6800000,0x00000000f68fd098,0x00000000f6900000)
  to   space 1024K, 0% used [0x00000000f6700000,0x00000000f6700000,0x00000000f6800000)
 ParOldGen       total 22016K, used 8366K [0x00000000e0200000, 0x00000000e1780000, 0x00000000f5600000)
  object space 22016K, 38% used [0x00000000e0200000,0x00000000e0a2b9b0,0x00000000e1780000)
 Metaspace       used 19372K, capacity 19532K, committed 19840K, reserved 1067008K
  class space    used 2560K, capacity 2645K, committed 2688K, reserved 1048576K
}
Event: 2.200 GC heap before
{Heap before GC invocations=7 (full 0):
 PSYoungGen      total 18432K, used 9214K [0x00000000f5600000, 0x00000000f6900000, 0x0000000100000000)
  eden space 17408K, 47% used [0x00000000f5600000,0x00000000f5e02850,0x00000000f6700000)
  from space 1024K, 98% used [0x00000000f6800000,0x00000000f68fd098,0x00000000f6900000)
  to   space 1024K, 0% used [0x00000000f6700000,0x00000000f6700000,0x00000000f6800000)
 ParOldGen       total 22016K, used 8366K [0x00000000e0200000, 0x00000000e1780000, 0x00000000f5600000)
  object space 22016K, 38% used [0x00000000e0200000,0x00000000e0a2b9b0,0x00000000e1780000)
 Metaspace       used 21060K, capacity 21218K, committed 21296K, reserved 1067008K
  class space    used 2771K, capacity 2842K, committed 2864K, reserved 1048576K
Event: 2.225 GC heap after
Heap after GC invocations=7 (full 0):
 PSYoungGen      total 18432K, used 997K [0x00000000f5600000, 0x00000000f6900000, 0x0000000100000000)
  eden space 17408K, 0% used [0x00000000f5600000,0x00000000f5600000,0x00000000f6700000)
  from space 1024K, 97% used [0x00000000f6700000,0x00000000f67f9668,0x00000000f6800000)
  to   space 1024K, 0% used [0x00000000f6800000,0x00000000f6800000,0x00000000f6900000)
 ParOldGen       total 22016K, used 9988K [0x00000000e0200000, 0x00000000e1780000, 0x00000000f5600000)
  object space 22016K, 45% used [0x00000000e0200000,0x00000000e0bc13a8,0x00000000e1780000)
 Metaspace       used 21060K, capacity 21218K, committed 21296K, reserved 1067008K
  class space    used 2771K, capacity 2842K, committed 2864K, reserved 1048576K
}
Event: 2.226 GC heap before
{Heap before GC invocations=8 (full 1):
 PSYoungGen      total 18432K, used 997K [0x00000000f5600000, 0x00000000f6900000, 0x0000000100000000)
  eden space 17408K, 0% used [0x00000000f5600000,0x00000000f5600000,0x00000000f6700000)
  from space 1024K, 97% used [0x00000000f6700000,0x00000000f67f9668,0x00000000f6800000)
  to   space 1024K, 0% used [0x00000000f6800000,0x00000000f6800000,0x00000000f6900000)
 ParOldGen       total 22016K, used 9988K [0x00000000e0200000, 0x00000000e1780000, 0x00000000f5600000)
  object space 22016K, 45% used [0x00000000e0200000,0x00000000e0bc13a8,0x00000000e1780000)
 Metaspace       used 21060K, capacity 21218K, committed 21296K, reserved 1067008K
  class space    used 2771K, capacity 2842K, committed 2864K, reserved 1048576K
Event: 2.304 GC heap after
Heap after GC invocations=8 (full 1):
 PSYoungGen      total 18432K, used 0K [0x00000000f5600000, 0x00000000f6900000, 0x0000000100000000)
  eden space 17408K, 0% used [0x00000000f5600000,0x00000000f5600000,0x00000000f6700000)
  from space 1024K, 0% used [0x00000000f6700000,0x00000000f6700000,0x00000000f6800000)
  to   space 1024K, 0% used [0x00000000f6800000,0x00000000f6800000,0x00000000f6900000)
 ParOldGen       total 22016K, used 9934K [0x00000000e0200000, 0x00000000e1780000, 0x00000000f5600000)
  object space 22016K, 45% used [0x00000000e0200000,0x00000000e0bb3b28,0x00000000e1780000)
 Metaspace       used 21060K, capacity 21218K, committed 21296K, reserved 1067008K
  class space    used 2771K, capacity 2842K, committed 2864K, reserved 1048576K
}

Deoptimization events (10 events):
Event: 0.726 Thread 0x00000000020de000 Uncommon trap: reason=range_check action=make_not_entrant pc=0x0000000002aa73d0 method=sun.reflect.generics.parser.SignatureParser.current()C @ 34
Event: 0.781 Thread 0x00000000020de000 Uncommon trap: reason=unstable_if action=reinterpret pc=0x0000000002a9fdc0 method=sun.misc.MetaIndex.mayContain(Ljava/lang/String;)Z @ 38
Event: 0.782 Thread 0x00000000020de000 Uncommon trap: reason=unstable_if action=reinterpret pc=0x0000000002a6f1e4 method=sun.misc.MetaIndex.mayContain(Ljava/lang/String;)Z @ 38
Event: 0.840 Thread 0x00000000020de000 Uncommon trap: reason=unstable_if action=reinterpret pc=0x0000000002a5303c method=java.lang.AbstractStringBuilder.append(Ljava/lang/String;)Ljava/lang/AbstractStringBuilder; @ 1
Event: 1.243 Thread 0x00000000020de000 Uncommon trap: reason=unstable_if action=reinterpret pc=0x0000000002bb30d4 method=java.io.BufferedReader.read()I @ 19
Event: 1.278 Thread 0x00000000020de000 Uncommon trap: reason=unstable_if action=reinterpret pc=0x0000000002a45568 method=java.lang.AbstractStringBuilder.append(Ljava/lang/String;)Ljava/lang/AbstractStringBuilder; @ 1
Event: 1.370 Thread 0x00000000020de000 Uncommon trap: reason=unstable_if action=reinterpret pc=0x0000000002ba9774 method=java.lang.String$CaseInsensitiveComparator.compare(Ljava/lang/String;Ljava/lang/String;)I @ 70
Event: 1.438 Thread 0x00000000020de000 Uncommon trap: reason=predicate action=maybe_recompile pc=0x0000000002b423cc method=sun.net.www.ParseUtil.encodePath(Ljava/lang/String;Z)Ljava/lang/String; @ 36
Event: 1.673 Thread 0x00000000020de000 Uncommon trap: reason=bimorphic action=maybe_recompile pc=0x0000000002c096d0 method=java.util.HashMap.putVal(ILjava/lang/Object;Ljava/lang/Object;ZZ)Ljava/lang/Object; @ 203
Event: 1.852 Thread 0x00000000020de000 Uncommon trap: reason=unstable_if action=reinterpret pc=0x0000000002b71d34 method=java.io.WinNTFileSystem.normalize(Ljava/lang/String;)Ljava/lang/String; @ 128

Internal exceptions (10 events):
Event: 1.297 Thread 0x00000000020de000 Exception <a 'java/security/PrivilegedActionException'> (0x00000000f57032a0) thrown at [C:\re\workspace\8-2-build-windows-amd64-cygwin\jdk8u151\9699\hotspot\src\share\vm\prims\jvm.cpp, line 1390]
Event: 1.297 Thread 0x00000000020de000 Exception <a 'java/security/PrivilegedActionException'> (0x00000000f5703698) thrown at [C:\re\workspace\8-2-build-windows-amd64-cygwin\jdk8u151\9699\hotspot\src\share\vm\prims\jvm.cpp, line 1390]
Event: 1.304 Thread 0x00000000020de000 Exception <a 'java/security/PrivilegedActionException'> (0x00000000f574c6e0) thrown at [C:\re\workspace\8-2-build-windows-amd64-cygwin\jdk8u151\9699\hotspot\src\share\vm\prims\jvm.cpp, line 1390]
Event: 1.304 Thread 0x00000000020de000 Exception <a 'java/security/PrivilegedActionException'> (0x00000000f574cad8) thrown at [C:\re\workspace\8-2-build-windows-amd64-cygwin\jdk8u151\9699\hotspot\src\share\vm\prims\jvm.cpp, line 1390]
Event: 1.304 Thread 0x00000000020de000 Exception <a 'java/security/PrivilegedActionException'> (0x00000000f5750150) thrown at [C:\re\workspace\8-2-build-windows-amd64-cygwin\jdk8u151\9699\hotspot\src\share\vm\prims\jvm.cpp, line 1390]
Event: 1.304 Thread 0x00000000020de000 Exception <a 'java/security/PrivilegedActionException'> (0x00000000f5750548) thrown at [C:\re\workspace\8-2-build-windows-amd64-cygwin\jdk8u151\9699\hotspot\src\share\vm\prims\jvm.cpp, line 1390]
Event: 1.304 Thread 0x00000000020de000 Exception <a 'java/security/PrivilegedActionException'> (0x00000000f5753e18) thrown at [C:\re\workspace\8-2-build-windows-amd64-cygwin\jdk8u151\9699\hotspot\src\share\vm\prims\jvm.cpp, line 1390]
Event: 1.304 Thread 0x00000000020de000 Exception <a 'java/security/PrivilegedActionException'> (0x00000000f5754210) thrown at [C:\re\workspace\8-2-build-windows-amd64-cygwin\jdk8u151\9699\hotspot\src\share\vm\prims\jvm.cpp, line 1390]
Event: 1.304 Thread 0x00000000020de000 Exception <a 'java/security/PrivilegedActionException'> (0x00000000f57579a8) thrown at [C:\re\workspace\8-2-build-windows-amd64-cygwin\jdk8u151\9699\hotspot\src\share\vm\prims\jvm.cpp, line 1390]
Event: 1.304 Thread 0x00000000020de000 Exception <a 'java/security/PrivilegedActionException'> (0x00000000f5757da0) thrown at [C:\re\workspace\8-2-build-windows-amd64-cygwin\jdk8u151\9699\hotspot\src\share\vm\prims\jvm.cpp, line 1390]

Events (10 events):
Event: 2.420 loading class java/util/ArrayList$ListItr
Event: 2.421 loading class java/util/ArrayList$ListItr done
Event: 2.421 Executing VM operation: Deoptimize
Event: 2.421 Executing VM operation: Deoptimize done
Event: 2.421 loading class javassist/bytecode/MethodInfo
Event: 2.421 loading class javassist/bytecode/MethodInfo done
Event: 2.422 loading class javassist/bytecode/Bytecode
Event: 2.422 loading class javassist/bytecode/Bytecode done
Event: 2.423 loading class javassist/bytecode/ByteVector
Event: 2.423 loading class javassist/bytecode/ByteVector done


Dynamic libraries:
0x000000013fd20000 - 0x000000013fd57000 	C:\Program Files\Java\jre1.8.0_151\bin\javaw.exe
0x0000000077560000 - 0x000000007770a000 	C:\Windows\SYSTEM32\ntdll.dll
0x0000000077340000 - 0x000000007745f000 	C:\Windows\system32\kernel32.dll
0x000007fefd650000 - 0x000007fefd6ba000 	C:\Windows\system32\KERNELBASE.dll
0x000007fefe740000 - 0x000007fefe81b000 	C:\Windows\system32\ADVAPI32.dll
0x000007fefefa0000 - 0x000007feff03f000 	C:\Windows\system32\msvcrt.dll
0x000007fefe900000 - 0x000007fefe91f000 	C:\Windows\SYSTEM32\sechost.dll
0x000007feff530000 - 0x000007feff65d000 	C:\Windows\system32\RPCRT4.dll
0x0000000077460000 - 0x000000007755a000 	C:\Windows\system32\USER32.dll
0x000007fefeeb0000 - 0x000007fefef17000 	C:\Windows\system32\GDI32.dll
0x000007feff700000 - 0x000007feff70e000 	C:\Windows\system32\LPK.dll
0x000007fefd6e0000 - 0x000007fefd7aa000 	C:\Windows\system32\USP10.dll
0x000007fefbc80000 - 0x000007fefbe74000 	C:\Windows\WinSxS\amd64_microsoft.windows.common-controls_6595b64144ccf1df_6.0.7601.17514_none_fa396087175ac9ac\COMCTL32.dll
0x000007fefef20000 - 0x000007fefef91000 	C:\Windows\system32\SHLWAPI.dll
0x000007feff2f0000 - 0x000007feff31e000 	C:\Windows\system32\IMM32.DLL
0x000007feff710000 - 0x000007feff819000 	C:\Windows\system32\MSCTF.dll
0x00000000745a0000 - 0x0000000074672000 	C:\Program Files\Java\jre1.8.0_151\bin\msvcr100.dll
0x000000006fa70000 - 0x000000007030d000 	C:\Program Files\Java\jre1.8.0_151\bin\server\jvm.dll
0x000007fef4530000 - 0x000007fef4539000 	C:\Windows\system32\WSOCK32.dll
0x000007feff820000 - 0x000007feff86d000 	C:\Windows\system32\WS2_32.dll
0x000007fefd6d0000 - 0x000007fefd6d8000 	C:\Windows\system32\NSI.dll
0x000007fefac80000 - 0x000007fefacbb000 	C:\Windows\system32\WINMM.dll
0x000007fefc4d0000 - 0x000007fefc4dc000 	C:\Windows\system32\VERSION.dll
0x0000000077720000 - 0x0000000077727000 	C:\Windows\system32\PSAPI.DLL
0x0000000074590000 - 0x000000007459f000 	C:\Program Files\Java\jre1.8.0_151\bin\verify.dll
0x0000000074560000 - 0x0000000074589000 	C:\Program Files\Java\jre1.8.0_151\bin\java.dll
0x0000000074540000 - 0x0000000074556000 	C:\Program Files\Java\jre1.8.0_151\bin\zip.dll
0x000007fefd7d0000 - 0x000007fefe558000 	C:\Windows\system32\SHELL32.dll
0x000007feff040000 - 0x000007feff243000 	C:\Windows\system32\ole32.dll
0x000007fefd310000 - 0x000007fefd31f000 	C:\Windows\system32\profapi.dll
0x0000000068bc0000 - 0x0000000068bcd000 	C:\Program Files\Java\jre1.8.0_151\bin\management.dll
0x0000000074520000 - 0x000000007453a000 	C:\Program Files\Java\jre1.8.0_151\bin\net.dll
0x0000000180000000 - 0x0000000180024000 	C:\Program Files (x86)\Common Files\NSL\nslsp64.dll
0x000007fefcab0000 - 0x000007fefcb05000 	C:\Windows\system32\mswsock.dll
0x000007fefcaa0000 - 0x000007fefcaa7000 	C:\Windows\System32\wship6.dll
0x0000000074500000 - 0x0000000074511000 	C:\Program Files\Java\jre1.8.0_151\bin\nio.dll
0x000007fefc4b0000 - 0x000007fefc4b7000 	C:\Windows\System32\wshtcpip.dll
0x000007fefc930000 - 0x000007fefc98b000 	C:\Windows\system32\DNSAPI.dll
0x000007fefafe0000 - 0x000007fefb007000 	C:\Windows\system32\IPHLPAPI.DLL
0x000007fefb080000 - 0x000007fefb08b000 	C:\Windows\system32\WINNSI.DLL
0x000007fef3700000 - 0x000007fef3708000 	C:\Windows\system32\rasadhlp.dll
0x000007fefb010000 - 0x000007fefb063000 	C:\Windows\System32\fwpuclnt.dll
0x000007fefcb10000 - 0x000007fefcb27000 	C:\Windows\system32\CRYPTSP.dll
0x000007fefc810000 - 0x000007fefc857000 	C:\Windows\system32\rsaenh.dll
0x000007fefd550000 - 0x000007fefd56e000 	C:\Windows\system32\USERENV.dll
0x000007fefd170000 - 0x000007fefd17f000 	C:\Windows\system32\CRYPTBASE.dll
0x000007fefafb0000 - 0x000007fefafc1000 	C:\Windows\system32\dhcpcsvc6.DLL
0x000007fefaee0000 - 0x000007fefaef8000 	C:\Windows\system32\dhcpcsvc.DLL

VM Arguments:
jvm_args: -Dfile.encoding=Cp1252 
java_command: org.firstclass.Solution
java_class_path (initial): C:\Users\students\sree java\bin;E:\database\ojdbc6.jar;E:\hypernet\required\antlr-2.7.7.jar;E:\hypernet\required\classmate-1.3.0.jar;E:\hypernet\required\dom4j-1.6.1.jar;E:\hypernet\required\hibernate-commons-annotations-5.0.1.Final.jar;E:\hypernet\required\hibernate-core-5.2.8.Final.jar;E:\hypernet\required\hibernate-jpa-2.1-api-1.0.0.Final.jar;E:\hypernet\required\jandex-2.0.3.Final.jar;E:\hypernet\required\javassist-3.20.0-GA.jar;E:\hypernet\required\jboss-logging-3.3.0.Final.jar;E:\hypernet\required\jboss-transaction-api_1.2_spec-1.0.1.Final.jar;E:\database\mysql-connector-java-5.1.21 (1).jar
Launcher Type: SUN_STANDARD

Environment Variables:
PATH=C:/Program Files/Java/jre1.8.0_151/bin/server;C:/Program Files/Java/jre1.8.0_151/bin;C:/Program Files/Java/jre1.8.0_151/lib/amd64;C:\oraclexe\app\oracle\product\11.2.0\server\bin;;C:\ProgramData\Oracle\Java\javapath;C:\Windows\system32;C:\Windows;C:\Windows\System32\Wbem;C:\Windows\System32\WindowsPowerShell\v1.0\;C:\Program Files\Java\jdk1.8.0_121\bin;C:\Program Files\Java\jre1.8.0_121\bin;C:\ProgramData\Microsoft\Windows\Start Menu\Programs\Python36-32\;C:\Program Files\nodejs\;C:\oraclexe\app\oracle\product\11.2.0\server\bin;C:\ProgramData\Oracle\Java\javapath;C:\Windows\system32;C:\Windows;C:\Windows\System32\Wbem;C:\Windows\System32\WindowsPowerShell\v1.0\;C:\Program Files\Java\jdk1.8.0_121\bin;C:\Program Files\Java\jre1.8.0_121\bin;C:\ProgramData\Microsoft\Windows\Start Menu\Programs\Python36-32\;C:\Program Files\nodejs\;C:\Program Files (x86)\EaseUS\Todo Backup\bin\x64\;C:\Users\students\AppData\Local\Programs\Git\cmd;C:\eclipse mars;
USERNAME=students
OS=Windows_NT
PROCESSOR_IDENTIFIER=Intel64 Family 6 Model 15 Stepping 11, GenuineIntel



---------------  S Y S T E M  ---------------

OS: Windows 7 , 64 bit Build 7601 (6.1.7601.23677)

CPU:total 2 (initial active 2) (2 cores per cpu, 1 threads per core) family 6 model 15 stepping 11, cmov, cx8, fxsr, mmx, sse, sse2, sse3, ssse3, tsc

Memory: 4k page, physical 2088376k(709300k free), swap 6282680k(5100k free)

vm_info: Java HotSpot(TM) 64-Bit Server VM (25.151-b12) for windows-amd64 JRE (1.8.0_151-b12), built on Sep  5 2017 19:33:46 by "java_re" with MS VC++ 10.0 (VS2010)

time: Tue Nov 14 12:29:08 2017
elapsed time: 2 seconds (0d 0h 0m 2s)

