#
# There is insufficient memory for the Java Runtime Environment to continue.
# Native memory allocation (malloc) failed to allocate 295808 bytes for Chunk::new
# Possible reasons:
#   The system is out of physical RAM or swap space
#   In 32 bit mode, the process size limit was hit
# Possible solutions:
#   Reduce memory load on the system
#   Increase physical memory or swap space
#   Check if swap backing store is full
#   Use 64 bit Java on a 64 bit OS
#   Decrease Java heap size (-Xmx/-Xms)
#   Decrease number of Java threads
#   Decrease Java thread stack sizes (-Xss)
#   Set larger code cache with -XX:ReservedCodeCacheSize=
# This output file may be truncated or incomplete.
#
#  Out of Memory Error (allocation.cpp:390), pid=5112, tid=0x00000000000014b4
#
# JRE version: Java(TM) SE Runtime Environment (8.0_151-b12) (build 1.8.0_151-b12)
# Java VM: Java HotSpot(TM) 64-Bit Server VM (25.151-b12 mixed mode windows-amd64 compressed oops)
# Failed to write core dump. Minidumps are not enabled by default on client versions of Windows
#

---------------  T H R E A D  ---------------

Current thread (0x0000000053a9c000):  JavaThread "C2 CompilerThread0" daemon [_thread_in_native, id=5300, stack(0x0000000054950000,0x0000000054a50000)]

Stack: [0x0000000054950000,0x0000000054a50000]
[error occurred during error reporting (printing stack bounds), id 0xc0000005]

Native frames: (J=compiled Java code, j=interpreted, Vv=VM code, C=native code)


Current CompileTask:
C2:   1545  856       4       java.io.WinNTFileSystem::normalize (143 bytes)


---------------  P R O C E S S  ---------------

Java Threads: ( => current thread )
  0x0000000055611000 JavaThread "Abandoned connection cleanup thread" daemon [_thread_blocked, id=4460, stack(0x0000000056150000,0x0000000056250000)]
  0x0000000054cb6800 JavaThread "Service Thread" daemon [_thread_blocked, id=6052, stack(0x00000000550b0000,0x00000000551b0000)]
  0x0000000053aa5000 JavaThread "C1 CompilerThread1" daemon [_thread_blocked, id=5920, stack(0x0000000054720000,0x0000000054820000)]
=>0x0000000053a9c000 JavaThread "C2 CompilerThread0" daemon [_thread_in_native, id=5300, stack(0x0000000054950000,0x0000000054a50000)]
  0x0000000053a9a000 JavaThread "Attach Listener" daemon [_thread_blocked, id=5556, stack(0x0000000054ba0000,0x0000000054ca0000)]
  0x0000000053a99000 JavaThread "Signal Dispatcher" daemon [_thread_blocked, id=5640, stack(0x00000000544d0000,0x00000000545d0000)]
  0x0000000053a82000 JavaThread "Finalizer" daemon [_thread_blocked, id=4220, stack(0x0000000054a50000,0x0000000054b50000)]
  0x0000000053a3b000 JavaThread "Reference Handler" daemon [_thread_blocked, id=6012, stack(0x0000000054820000,0x0000000054920000)]
  0x000000000223e000 JavaThread "main" [_thread_in_native, id=3492, stack(0x0000000002280000,0x0000000002380000)]

Other Threads:
  0x0000000053a2d800 VMThread [stack: 0x00000000545f0000,0x00000000546f0000] [id=5288]
  0x0000000054cc3000 WatcherThread [stack: 0x0000000055310000,0x0000000055410000] [id=5824]

VM state:not at safepoint (normal execution)

VM Mutex/Monitor currently owned by a thread: None

Heap:
 PSYoungGen      total 18432K, used 17390K [0x00000000f5600000, 0x00000000f6900000, 0x0000000100000000)
  eden space 17408K, 94% used [0x00000000f5600000,0x00000000f65fea00,0x00000000f6700000)
  from space 1024K, 98% used [0x00000000f6800000,0x00000000f68fd0a8,0x00000000f6900000)
  to   space 1024K, 0% used [0x00000000f6700000,0x00000000f6700000,0x00000000f6800000)
 ParOldGen       total 22016K, used 732K [0x00000000e0200000, 0x00000000e1780000, 0x00000000f5600000)
  object space 22016K, 3% used [0x00000000e0200000,0x00000000e02b71e8,0x00000000e1780000)
 Metaspace       used 14050K, capacity 14274K, committed 14592K, reserved 1062912K
  class space    used 1920K, capacity 2004K, committed 2048K, reserved 1048576K

Card table byte_map: [0x0000000011ad0000,0x0000000011bd0000] byte_map_base: 0x00000000113cf000

Marking Bits: (ParMarkBitMap*) 0x000000007028d850
 Begin Bits: [0x0000000012110000, 0x0000000012908000)
 End Bits:   [0x0000000012908000, 0x0000000013100000)

Polling page: 0x00000000001b0000

CodeCache: size=245760Kb used=3321Kb max_used=3321Kb free=242438Kb
 bounds [0x0000000002710000, 0x0000000002a60000, 0x0000000011710000]
 total_blobs=1255 nmethods=917 adapters=253
 compilation: enabled

Compilation events (10 events):
Event: 1.530 Thread 0x0000000053aa5000  912       1       com.sun.jmx.mbeanserver.MXBeanMapping::getOpenType (5 bytes)
Event: 1.530 Thread 0x0000000053aa5000 nmethod 912 0x0000000002a4cdd0 code [0x0000000002a4cf20, 0x0000000002a4d030]
Event: 1.530 Thread 0x0000000053aa5000  913       3       java.util.TreeMap$EntryIterator::next (5 bytes)
Event: 1.530 Thread 0x0000000053aa5000 nmethod 913 0x0000000002a4d090 code [0x0000000002a4d200, 0x0000000002a4d4e8]
Event: 1.530 Thread 0x0000000053aa5000  914       3       java.util.TreeMap::getEntryUsingComparator (74 bytes)
Event: 1.531 Thread 0x0000000053aa5000 nmethod 914 0x0000000002a4d590 code [0x0000000002a4d720, 0x0000000002a4db08]
Event: 1.531 Thread 0x0000000053aa5000  915   !   3       sun.reflect.annotation.AnnotationParser::parseAnnotations (37 bytes)
Event: 1.531 Thread 0x0000000053aa5000 nmethod 915 0x0000000002a4dc50 code [0x0000000002a4de00, 0x0000000002a4e148]
Event: 1.532 Thread 0x0000000053aa5000  916       1       com.sun.jmx.mbeanserver.PerInterface::access$100 (5 bytes)
Event: 1.532 Thread 0x0000000053aa5000 nmethod 916 0x0000000002a4e310 code [0x0000000002a4e460, 0x0000000002a4e550]

GC Heap History (8 events):
Event: 0.170 GC heap before
{Heap before GC invocations=1 (full 0):
 PSYoungGen      total 9728K, used 8689K [0x00000000f5600000, 0x00000000f6080000, 0x0000000100000000)
  eden space 8704K, 99% used [0x00000000f5600000,0x00000000f5e7c5b8,0x00000000f5e80000)
  from space 1024K, 0% used [0x00000000f5f80000,0x00000000f5f80000,0x00000000f6080000)
  to   space 1024K, 0% used [0x00000000f5e80000,0x00000000f5e80000,0x00000000f5f80000)
 ParOldGen       total 22016K, used 0K [0x00000000e0200000, 0x00000000e1780000, 0x00000000f5600000)
  object space 22016K, 0% used [0x00000000e0200000,0x00000000e0200000,0x00000000e1780000)
 Metaspace       used 2708K, capacity 4486K, committed 4864K, reserved 1056768K
  class space    used 303K, capacity 386K, committed 512K, reserved 1048576K
Event: 0.171 GC heap after
Heap after GC invocations=1 (full 0):
 PSYoungGen      total 9728K, used 524K [0x00000000f5600000, 0x00000000f6080000, 0x0000000100000000)
  eden space 8704K, 0% used [0x00000000f5600000,0x00000000f5600000,0x00000000f5e80000)
  from space 1024K, 51% used [0x00000000f5e80000,0x00000000f5f03270,0x00000000f5f80000)
  to   space 1024K, 0% used [0x00000000f5f80000,0x00000000f5f80000,0x00000000f6080000)
 ParOldGen       total 22016K, used 8K [0x00000000e0200000, 0x00000000e1780000, 0x00000000f5600000)
  object space 22016K, 0% used [0x00000000e0200000,0x00000000e0202000,0x00000000e1780000)
 Metaspace       used 2708K, capacity 4486K, committed 4864K, reserved 1056768K
  class space    used 303K, capacity 386K, committed 512K, reserved 1048576K
}
Event: 0.178 GC heap before
{Heap before GC invocations=2 (full 0):
 PSYoungGen      total 9728K, used 9225K [0x00000000f5600000, 0x00000000f6080000, 0x0000000100000000)
  eden space 8704K, 99% used [0x00000000f5600000,0x00000000f5e7f3a8,0x00000000f5e80000)
  from space 1024K, 51% used [0x00000000f5e80000,0x00000000f5f03270,0x00000000f5f80000)
  to   space 1024K, 0% used [0x00000000f5f80000,0x00000000f5f80000,0x00000000f6080000)
 ParOldGen       total 22016K, used 8K [0x00000000e0200000, 0x00000000e1780000, 0x00000000f5600000)
  object space 22016K, 0% used [0x00000000e0200000,0x00000000e0202000,0x00000000e1780000)
 Metaspace       used 2708K, capacity 4486K, committed 4864K, reserved 1056768K
  class space    used 303K, capacity 386K, committed 512K, reserved 1048576K
Event: 0.184 GC heap after
Heap after GC invocations=2 (full 0):
 PSYoungGen      total 9728K, used 504K [0x00000000f5600000, 0x00000000f6900000, 0x0000000100000000)
  eden space 8704K, 0% used [0x00000000f5600000,0x00000000f5600000,0x00000000f5e80000)
  from space 1024K, 49% used [0x00000000f5f80000,0x00000000f5ffe2d8,0x00000000f6080000)
  to   space 1024K, 0% used [0x00000000f5e80000,0x00000000f5e80000,0x00000000f5f80000)
 ParOldGen       total 22016K, used 8K [0x00000000e0200000, 0x00000000e1780000, 0x00000000f5600000)
  object space 22016K, 0% used [0x00000000e0200000,0x00000000e0202000,0x00000000e1780000)
 Metaspace       used 2708K, capacity 4486K, committed 4864K, reserved 1056768K
  class space    used 303K, capacity 386K, committed 512K, reserved 1048576K
}
Event: 0.190 GC heap before
{Heap before GC invocations=3 (full 0):
 PSYoungGen      total 9728K, used 9181K [0x00000000f5600000, 0x00000000f6900000, 0x0000000100000000)
  eden space 8704K, 99% used [0x00000000f5600000,0x00000000f5e794a0,0x00000000f5e80000)
  from space 1024K, 49% used [0x00000000f5f80000,0x00000000f5ffe2d8,0x00000000f6080000)
  to   space 1024K, 0% used [0x00000000f5e80000,0x00000000f5e80000,0x00000000f5f80000)
 ParOldGen       total 22016K, used 8K [0x00000000e0200000, 0x00000000e1780000, 0x00000000f5600000)
  object space 22016K, 0% used [0x00000000e0200000,0x00000000e0202000,0x00000000e1780000)
 Metaspace       used 2708K, capacity 4486K, committed 4864K, reserved 1056768K
  class space    used 303K, capacity 386K, committed 512K, reserved 1048576K
Event: 0.192 GC heap after
Heap after GC invocations=3 (full 0):
 PSYoungGen      total 9728K, used 516K [0x00000000f5600000, 0x00000000f6900000, 0x0000000100000000)
  eden space 8704K, 0% used [0x00000000f5600000,0x00000000f5600000,0x00000000f5e80000)
  from space 1024K, 50% used [0x00000000f5e80000,0x00000000f5f01178,0x00000000f5f80000)
  to   space 1024K, 0% used [0x00000000f6800000,0x00000000f6800000,0x00000000f6900000)
 ParOldGen       total 22016K, used 8K [0x00000000e0200000, 0x00000000e1780000, 0x00000000f5600000)
  object space 22016K, 0% used [0x00000000e0200000,0x00000000e0202000,0x00000000e1780000)
 Metaspace       used 2708K, capacity 4486K, committed 4864K, reserved 1056768K
  class space    used 303K, capacity 386K, committed 512K, reserved 1048576K
}
Event: 0.430 GC heap before
{Heap before GC invocations=4 (full 0):
 PSYoungGen      total 9728K, used 9220K [0x00000000f5600000, 0x00000000f6900000, 0x0000000100000000)
  eden space 8704K, 100% used [0x00000000f5600000,0x00000000f5e80000,0x00000000f5e80000)
  from space 1024K, 50% used [0x00000000f5e80000,0x00000000f5f01178,0x00000000f5f80000)
  to   space 1024K, 0% used [0x00000000f6800000,0x00000000f6800000,0x00000000f6900000)
 ParOldGen       total 22016K, used 8K [0x00000000e0200000, 0x00000000e1780000, 0x00000000f5600000)
  object space 22016K, 0% used [0x00000000e0200000,0x00000000e0202000,0x00000000e1780000)
 Metaspace       used 5399K, capacity 5862K, committed 6144K, reserved 1056768K
  class space    used 659K, capacity 726K, committed 768K, reserved 1048576K
Event: 0.433 GC heap after
Heap after GC invocations=4 (full 0):
 PSYoungGen      total 18432K, used 1012K [0x00000000f5600000, 0x00000000f6900000, 0x0000000100000000)
  eden space 17408K, 0% used [0x00000000f5600000,0x00000000f5600000,0x00000000f6700000)
  from space 1024K, 98% used [0x00000000f6800000,0x00000000f68fd0a8,0x00000000f6900000)
  to   space 1024K, 0% used [0x00000000f6700000,0x00000000f6700000,0x00000000f6800000)
 ParOldGen       total 22016K, used 732K [0x00000000e0200000, 0x00000000e1780000, 0x00000000f5600000)
  object space 22016K, 3% used [0x00000000e0200000,0x00000000e02b71e8,0x00000000e1780000)
 Metaspace       used 5399K, capacity 5862K, committed 6144K, reserved 1056768K
  class space    used 659K, capacity 726K, committed 768K, reserved 1048576K
}

Deoptimization events (10 events):
Event: 0.552 Thread 0x000000000223e000 Uncommon trap: reason=class_check action=maybe_recompile pc=0x00000000028d4de8 method=java.util.regex.Pattern$BmpCharProperty.match(Ljava/util/regex/Matcher;ILjava/lang/CharSequence;)Z @ 31
Event: 0.552 Thread 0x000000000223e000 Uncommon trap: reason=class_check action=maybe_recompile pc=0x00000000028d4de8 method=java.util.regex.Pattern$BmpCharProperty.match(Ljava/util/regex/Matcher;ILjava/lang/CharSequence;)Z @ 31
Event: 0.552 Thread 0x000000000223e000 Uncommon trap: reason=class_check action=maybe_recompile pc=0x00000000028d4de8 method=java.util.regex.Pattern$BmpCharProperty.match(Ljava/util/regex/Matcher;ILjava/lang/CharSequence;)Z @ 31
Event: 0.552 Thread 0x000000000223e000 Uncommon trap: reason=class_check action=maybe_recompile pc=0x00000000028d4de8 method=java.util.regex.Pattern$BmpCharProperty.match(Ljava/util/regex/Matcher;ILjava/lang/CharSequence;)Z @ 31
Event: 0.975 Thread 0x000000000223e000 Uncommon trap: reason=unstable_if action=reinterpret pc=0x0000000002897410 method=java.lang.String.indexOf([CII[CIII)I @ 134
Event: 1.049 Thread 0x000000000223e000 Uncommon trap: reason=unstable_if action=reinterpret pc=0x0000000002942230 method=java.util.HashMap.getNode(ILjava/lang/Object;)Ljava/util/HashMap$Node; @ 129
Event: 1.067 Thread 0x000000000223e000 Uncommon trap: reason=unstable_if action=reinterpret pc=0x0000000002942954 method=java.util.HashMap.getNode(ILjava/lang/Object;)Ljava/util/HashMap$Node; @ 129
Event: 1.073 Thread 0x000000000223e000 Uncommon trap: reason=range_check action=make_not_entrant pc=0x000000000295dc90 method=sun.reflect.generics.parser.SignatureParser.current()C @ 34
Event: 1.133 Thread 0x000000000223e000 Uncommon trap: reason=unstable_if action=reinterpret pc=0x0000000002946740 method=sun.misc.MetaIndex.mayContain(Ljava/lang/String;)Z @ 38
Event: 1.188 Thread 0x000000000223e000 Uncommon trap: reason=unstable_if action=reinterpret pc=0x00000000028e8228 method=java.lang.AbstractStringBuilder.append(Ljava/lang/String;)Ljava/lang/AbstractStringBuilder; @ 1

Internal exceptions (10 events):
Event: 0.998 Thread 0x000000000223e000 Exception <a 'java/lang/NullPointerException'> (0x00000000f5aab2d0) thrown at [C:\re\workspace\8-2-build-windows-amd64-cygwin\jdk8u151\9699\hotspot\src\share\vm\interpreter\linkResolver.cpp, line 1285]
Event: 1.062 Thread 0x000000000223e000 Exception <a 'java/lang/ArrayIndexOutOfBoundsException'> (0x00000000f5b56e10) thrown at [C:\re\workspace\8-2-build-windows-amd64-cygwin\jdk8u151\9699\hotspot\src\share\vm\runtime\sharedRuntime.cpp, line 605]
Event: 1.062 Thread 0x000000000223e000 Exception <a 'java/lang/ArrayIndexOutOfBoundsException'> (0x00000000f5b580e8) thrown at [C:\re\workspace\8-2-build-windows-amd64-cygwin\jdk8u151\9699\hotspot\src\share\vm\runtime\sharedRuntime.cpp, line 605]
Event: 1.063 Thread 0x000000000223e000 Exception <a 'java/lang/ArrayIndexOutOfBoundsException'> (0x00000000f5b597f8) thrown at [C:\re\workspace\8-2-build-windows-amd64-cygwin\jdk8u151\9699\hotspot\src\share\vm\runtime\sharedRuntime.cpp, line 605]
Event: 1.073 Thread 0x000000000223e000 Exception <a 'java/lang/ArrayIndexOutOfBoundsException': 79> (0x00000000f5ba84e0) thrown at [C:\re\workspace\8-2-build-windows-amd64-cygwin\jdk8u151\9699\hotspot\src\share\vm\interpreter\interpreterRuntime.cpp, line 366]
Event: 1.073 Thread 0x000000000223e000 Exception <a 'java/lang/ArrayIndexOutOfBoundsException': 81> (0x00000000f5ba96e0) thrown at [C:\re\workspace\8-2-build-windows-amd64-cygwin\jdk8u151\9699\hotspot\src\share\vm\interpreter\interpreterRuntime.cpp, line 366]
Event: 1.073 Thread 0x000000000223e000 Exception <a 'java/lang/ArrayIndexOutOfBoundsException': 78> (0x00000000f5baa688) thrown at [C:\re\workspace\8-2-build-windows-amd64-cygwin\jdk8u151\9699\hotspot\src\share\vm\interpreter\interpreterRuntime.cpp, line 366]
Event: 1.073 Thread 0x000000000223e000 Exception <a 'java/lang/ArrayIndexOutOfBoundsException': 83> (0x00000000f5bab658) thrown at [C:\re\workspace\8-2-build-windows-amd64-cygwin\jdk8u151\9699\hotspot\src\share\vm\interpreter\interpreterRuntime.cpp, line 366]
Event: 1.073 Thread 0x000000000223e000 Exception <a 'java/lang/ArrayIndexOutOfBoundsException': 38> (0x00000000f5bac1e0) thrown at [C:\re\workspace\8-2-build-windows-amd64-cygwin\jdk8u151\9699\hotspot\src\share\vm\interpreter\interpreterRuntime.cpp, line 366]
Event: 1.188 Thread 0x000000000223e000 Implicit null exception at 0x00000000028e7e86 to 0x00000000028e8211

Events (10 events):
Event: 1.528 loading class com/sun/jmx/mbeanserver/DefaultMXBeanMappingFactory$ArrayMapping
Event: 1.528 loading class com/sun/jmx/mbeanserver/DefaultMXBeanMappingFactory$ArrayMapping done
Event: 1.533 loading class java/lang/management/PlatformLoggingMXBean
Event: 1.533 loading class java/lang/management/PlatformLoggingMXBean done
Event: 1.533 loading class sun/management/ManagementFactoryHelper$PlatformLoggingImpl
Event: 1.533 loading class sun/management/ManagementFactoryHelper$LoggingMXBean
Event: 1.533 loading class java/util/logging/LoggingMXBean
Event: 1.533 loading class java/util/logging/LoggingMXBean done
Event: 1.533 loading class sun/management/ManagementFactoryHelper$LoggingMXBean done
Event: 1.533 loading class sun/management/ManagementFactoryHelper$PlatformLoggingImpl done


Dynamic libraries:
0x000000013fd20000 - 0x000000013fd57000 	C:\Program Files\Java\jre1.8.0_151\bin\javaw.exe
0x0000000077560000 - 0x000000007770a000 	C:\Windows\SYSTEM32\ntdll.dll
0x0000000077340000 - 0x000000007745f000 	C:\Windows\system32\kernel32.dll
0x000007fefd650000 - 0x000007fefd6ba000 	C:\Windows\system32\KERNELBASE.dll
0x000007fefe740000 - 0x000007fefe81b000 	C:\Windows\system32\ADVAPI32.dll
0x000007fefefa0000 - 0x000007feff03f000 	C:\Windows\system32\msvcrt.dll
0x000007fefe900000 - 0x000007fefe91f000 	C:\Windows\SYSTEM32\sechost.dll
0x000007feff530000 - 0x000007feff65d000 	C:\Windows\system32\RPCRT4.dll
0x0000000077460000 - 0x000000007755a000 	C:\Windows\system32\USER32.dll
0x000007fefeeb0000 - 0x000007fefef17000 	C:\Windows\system32\GDI32.dll
0x000007feff700000 - 0x000007feff70e000 	C:\Windows\system32\LPK.dll
0x000007fefd6e0000 - 0x000007fefd7aa000 	C:\Windows\system32\USP10.dll
0x000007fefbc80000 - 0x000007fefbe74000 	C:\Windows\WinSxS\amd64_microsoft.windows.common-controls_6595b64144ccf1df_6.0.7601.17514_none_fa396087175ac9ac\COMCTL32.dll
0x000007fefef20000 - 0x000007fefef91000 	C:\Windows\system32\SHLWAPI.dll
0x000007feff2f0000 - 0x000007feff31e000 	C:\Windows\system32\IMM32.DLL
0x000007feff710000 - 0x000007feff819000 	C:\Windows\system32\MSCTF.dll
0x00000000745a0000 - 0x0000000074672000 	C:\Program Files\Java\jre1.8.0_151\bin\msvcr100.dll
0x000000006fa70000 - 0x000000007030d000 	C:\Program Files\Java\jre1.8.0_151\bin\server\jvm.dll
0x000007fef4530000 - 0x000007fef4539000 	C:\Windows\system32\WSOCK32.dll
0x000007feff820000 - 0x000007feff86d000 	C:\Windows\system32\WS2_32.dll
0x000007fefd6d0000 - 0x000007fefd6d8000 	C:\Windows\system32\NSI.dll
0x000007fefac80000 - 0x000007fefacbb000 	C:\Windows\system32\WINMM.dll
0x000007fefc4d0000 - 0x000007fefc4dc000 	C:\Windows\system32\VERSION.dll
0x0000000077720000 - 0x0000000077727000 	C:\Windows\system32\PSAPI.DLL
0x0000000074590000 - 0x000000007459f000 	C:\Program Files\Java\jre1.8.0_151\bin\verify.dll
0x0000000074560000 - 0x0000000074589000 	C:\Program Files\Java\jre1.8.0_151\bin\java.dll
0x0000000074540000 - 0x0000000074556000 	C:\Program Files\Java\jre1.8.0_151\bin\zip.dll
0x000007fefd7d0000 - 0x000007fefe558000 	C:\Windows\system32\SHELL32.dll
0x000007feff040000 - 0x000007feff243000 	C:\Windows\system32\ole32.dll
0x000007fefd310000 - 0x000007fefd31f000 	C:\Windows\system32\profapi.dll
0x0000000068bc0000 - 0x0000000068bcd000 	C:\Program Files\Java\jre1.8.0_151\bin\management.dll
0x0000000074520000 - 0x000000007453a000 	C:\Program Files\Java\jre1.8.0_151\bin\net.dll

VM Arguments:
jvm_args: -Dfile.encoding=Cp1252 
java_command: org.firstclass.Solution
java_class_path (initial): C:\Users\students\sree java\bin;E:\database\ojdbc6.jar;E:\hypernet\required\antlr-2.7.7.jar;E:\hypernet\required\classmate-1.3.0.jar;E:\hypernet\required\dom4j-1.6.1.jar;E:\hypernet\required\hibernate-commons-annotations-5.0.1.Final.jar;E:\hypernet\required\hibernate-core-5.2.8.Final.jar;E:\hypernet\required\hibernate-jpa-2.1-api-1.0.0.Final.jar;E:\hypernet\required\jandex-2.0.3.Final.jar;E:\hypernet\required\javassist-3.20.0-GA.jar;E:\hypernet\required\jboss-logging-3.3.0.Final.jar;E:\hypernet\required\jboss-transaction-api_1.2_spec-1.0.1.Final.jar;E:\database\mysql-connector-java-5.1.21 (1).jar
Launcher Type: SUN_STANDARD

Environment Variables:
PATH=C:/Program Files/Java/jre1.8.0_151/bin/server;C:/Program Files/Java/jre1.8.0_151/bin;C:/Program Files/Java/jre1.8.0_151/lib/amd64;C:\oraclexe\app\oracle\product\11.2.0\server\bin;;C:\ProgramData\Oracle\Java\javapath;C:\Windows\system32;C:\Windows;C:\Windows\System32\Wbem;C:\Windows\System32\WindowsPowerShell\v1.0\;C:\Program Files\Java\jdk1.8.0_121\bin;C:\Program Files\Java\jre1.8.0_121\bin;C:\ProgramData\Microsoft\Windows\Start Menu\Programs\Python36-32\;C:\Program Files\nodejs\;C:\oraclexe\app\oracle\product\11.2.0\server\bin;C:\ProgramData\Oracle\Java\javapath;C:\Windows\system32;C:\Windows;C:\Windows\System32\Wbem;C:\Windows\System32\WindowsPowerShell\v1.0\;C:\Program Files\Java\jdk1.8.0_121\bin;C:\Program Files\Java\jre1.8.0_121\bin;C:\ProgramData\Microsoft\Windows\Start Menu\Programs\Python36-32\;C:\Program Files\nodejs\;C:\Program Files (x86)\EaseUS\Todo Backup\bin\x64\;C:\Users\students\AppData\Local\Programs\Git\cmd;C:\eclipse mars;
USERNAME=students
OS=Windows_NT
PROCESSOR_IDENTIFIER=Intel64 Family 6 Model 15 Stepping 11, GenuineIntel



---------------  S Y S T E M  ---------------

OS: Windows 7 , 64 bit Build 7601 (6.1.7601.23677)

CPU:total 2 (initial active 2) (2 cores per cpu, 1 threads per core) family 6 model 15 stepping 11, cmov, cx8, fxsr, mmx, sse, sse2, sse3, ssse3, tsc

Memory: 4k page, physical 2088376k(485408k free), swap 6282680k(4880k free)

vm_info: Java HotSpot(TM) 64-Bit Server VM (25.151-b12) for windows-amd64 JRE (1.8.0_151-b12), built on Sep  5 2017 19:33:46 by "java_re" with MS VC++ 10.0 (VS2010)

time: Tue Nov 14 12:12:25 2017
elapsed time: 1 seconds (0d 0h 0m 1s)

