#
# There is insufficient memory for the Java Runtime Environment to continue.
# Native memory allocation (malloc) failed to allocate 429984 bytes for Chunk::new
# Possible reasons:
#   The system is out of physical RAM or swap space
#   In 32 bit mode, the process size limit was hit
# Possible solutions:
#   Reduce memory load on the system
#   Increase physical memory or swap space
#   Check if swap backing store is full
#   Use 64 bit Java on a 64 bit OS
#   Decrease Java heap size (-Xmx/-Xms)
#   Decrease number of Java threads
#   Decrease Java thread stack sizes (-Xss)
#   Set larger code cache with -XX:ReservedCodeCacheSize=
# This output file may be truncated or incomplete.
#
#  Out of Memory Error (allocation.cpp:390), pid=5524, tid=0x0000000000000cc8
#
# JRE version: Java(TM) SE Runtime Environment (8.0_151-b12) (build 1.8.0_151-b12)
# Java VM: Java HotSpot(TM) 64-Bit Server VM (25.151-b12 mixed mode windows-amd64 compressed oops)
# Failed to write core dump. Minidumps are not enabled by default on client versions of Windows
#

---------------  T H R E A D  ---------------

Current thread (0x00000000539ae800):  JavaThread "C2 CompilerThread0" daemon [_thread_in_native, id=3272, stack(0x0000000054b90000,0x0000000054c90000)]

Stack: [0x0000000054b90000,0x0000000054c90000]
[error occurred during error reporting (printing stack bounds), id 0xc0000005]

Native frames: (J=compiled Java code, j=interpreted, Vv=VM code, C=native code)


Current CompileTask:
C2:   2780 1292   !   4       java.net.URL::<init> (543 bytes)


---------------  P R O C E S S  ---------------

Java Threads: ( => current thread )
  0x0000000055b6d800 JavaThread "pool-1-thread-1" [_thread_blocked, id=5704, stack(0x0000000056c90000,0x0000000056d90000)]
  0x00000000557d7800 JavaThread "Abandoned connection cleanup thread" daemon [_thread_blocked, id=4984, stack(0x0000000056220000,0x0000000056320000)]
  0x0000000054e40800 JavaThread "Service Thread" daemon [_thread_blocked, id=6072, stack(0x0000000055280000,0x0000000055380000)]
  0x00000000539c7000 JavaThread "C1 CompilerThread1" daemon [_thread_blocked, id=5896, stack(0x0000000054d20000,0x0000000054e20000)]
=>0x00000000539ae800 JavaThread "C2 CompilerThread0" daemon [_thread_in_native, id=3272, stack(0x0000000054b90000,0x0000000054c90000)]
  0x00000000539a7000 JavaThread "Attach Listener" daemon [_thread_blocked, id=5552, stack(0x00000000548a0000,0x00000000549a0000)]
  0x00000000539a5800 JavaThread "Signal Dispatcher" daemon [_thread_blocked, id=5236, stack(0x00000000549e0000,0x0000000054ae0000)]
  0x000000005398e800 JavaThread "Finalizer" daemon [_thread_blocked, id=5624, stack(0x0000000054530000,0x0000000054630000)]
  0x0000000053947000 JavaThread "Reference Handler" daemon [_thread_blocked, id=5976, stack(0x00000000546a0000,0x00000000547a0000)]
  0x000000000035e000 JavaThread "main" [_thread_blocked, id=5200, stack(0x0000000002450000,0x0000000002550000)]

Other Threads:
  0x000000005393d800 VMThread [stack: 0x0000000054430000,0x0000000054530000] [id=3660]
  0x0000000054e63000 WatcherThread [stack: 0x00000000553a0000,0x00000000554a0000] [id=5216]

VM state:at safepoint (normal execution)

VM Mutex/Monitor currently owned by a thread:  ([mutex/lock_event])
[0x000000000035c5b0] Threads_lock - owner thread: 0x000000005393d800
[0x000000000035cab0] Heap_lock - owner thread: 0x000000000035e000

Heap:
 PSYoungGen      total 18432K, used 997K [0x00000000f5600000, 0x00000000f6900000, 0x0000000100000000)
  eden space 17408K, 0% used [0x00000000f5600000,0x00000000f5600000,0x00000000f6700000)
  from space 1024K, 97% used [0x00000000f6800000,0x00000000f68f9730,0x00000000f6900000)
  to   space 1024K, 0% used [0x00000000f6700000,0x00000000f6700000,0x00000000f6800000)
 ParOldGen       total 25088K, used 10773K [0x00000000e0200000, 0x00000000e1a80000, 0x00000000f5600000)
  object space 25088K, 42% used [0x00000000e0200000,0x00000000e0c85770,0x00000000e1a80000)
 Metaspace       used 23070K, capacity 23264K, committed 23472K, reserved 1073152K
  class space    used 3058K, capacity 3165K, committed 3248K, reserved 1048576K

Card table byte_map: [0x0000000011be0000,0x0000000011ce0000] byte_map_base: 0x00000000114df000

Marking Bits: (ParMarkBitMap*) 0x000000007028d850
 Begin Bits: [0x0000000011f20000, 0x0000000012718000)
 End Bits:   [0x0000000012718000, 0x0000000012f10000)

Polling page: 0x0000000000220000

CodeCache: size=245760Kb used=4591Kb max_used=4591Kb free=241168Kb
 bounds [0x0000000002820000, 0x0000000002ca0000, 0x0000000011820000]
 total_blobs=1802 nmethods=1321 adapters=396
 compilation: enabled

Compilation events (10 events):
Event: 2.711 Thread 0x00000000539c7000 1319       3       org.hibernate.internal.util.StringHelper::isEmpty (17 bytes)
Event: 2.711 Thread 0x00000000539c7000 nmethod 1319 0x0000000002c9a250 code [0x0000000002c9a3c0, 0x0000000002c9a670]
Event: 2.712 Thread 0x00000000539c7000 1320   !   3       org.hibernate.service.internal.AbstractServiceRegistryImpl::getService (119 bytes)
Event: 2.713 Thread 0x00000000539c7000 nmethod 1320 0x0000000002c9a750 code [0x0000000002c9a9c0, 0x0000000002c9bbf8]
Event: 2.714 Thread 0x00000000539c7000 1321       1       org.hibernate.loader.plan.build.internal.returns.AbstractExpandingFetchSource::expandingQuerySpace (5 bytes)
Event: 2.714 Thread 0x00000000539c7000 nmethod 1321 0x0000000002c9c450 code [0x0000000002c9c5a0, 0x0000000002c9c6b0]
Event: 2.714 Thread 0x00000000539c7000 1322       1       org.hibernate.loader.plan.build.internal.spaces.EntityQuerySpaceImpl::getEntityPersister (5 bytes)
Event: 2.714 Thread 0x00000000539c7000 nmethod 1322 0x0000000002c9c710 code [0x0000000002c9c860, 0x0000000002c9c970]
Event: 2.726 Thread 0x00000000539c7000 1323       3       org.jboss.logging.Logger::access$000 (10 bytes)
Event: 2.726 Thread 0x00000000539c7000 nmethod 1323 0x0000000002c9d310 code [0x0000000002c9d480, 0x0000000002c9d5e8]

GC Heap History (10 events):
Event: 1.319 GC heap after
Heap after GC invocations=5 (full 0):
 PSYoungGen      total 18432K, used 995K [0x00000000f5600000, 0x00000000f6900000, 0x0000000100000000)
  eden space 17408K, 0% used [0x00000000f5600000,0x00000000f5600000,0x00000000f6700000)
  from space 1024K, 97% used [0x00000000f6700000,0x00000000f67f8ca8,0x00000000f6800000)
  to   space 1024K, 0% used [0x00000000f6800000,0x00000000f6800000,0x00000000f6900000)
 ParOldGen       total 22016K, used 4598K [0x00000000e0200000, 0x00000000e1780000, 0x00000000f5600000)
  object space 22016K, 20% used [0x00000000e0200000,0x00000000e067dad8,0x00000000e1780000)
 Metaspace       used 14275K, capacity 14438K, committed 14592K, reserved 1062912K
  class space    used 1946K, capacity 2036K, committed 2048K, reserved 1048576K
}
Event: 2.201 GC heap before
{Heap before GC invocations=6 (full 0):
 PSYoungGen      total 18432K, used 18403K [0x00000000f5600000, 0x00000000f6900000, 0x0000000100000000)
  eden space 17408K, 100% used [0x00000000f5600000,0x00000000f6700000,0x00000000f6700000)
  from space 1024K, 97% used [0x00000000f6700000,0x00000000f67f8ca8,0x00000000f6800000)
  to   space 1024K, 0% used [0x00000000f6800000,0x00000000f6800000,0x00000000f6900000)
 ParOldGen       total 22016K, used 4598K [0x00000000e0200000, 0x00000000e1780000, 0x00000000f5600000)
  object space 22016K, 20% used [0x00000000e0200000,0x00000000e067dad8,0x00000000e1780000)
 Metaspace       used 19399K, capacity 19596K, committed 19840K, reserved 1067008K
  class space    used 2559K, capacity 2645K, committed 2688K, reserved 1048576K
Event: 2.211 GC heap after
Heap after GC invocations=6 (full 0):
 PSYoungGen      total 18432K, used 996K [0x00000000f5600000, 0x00000000f6900000, 0x0000000100000000)
  eden space 17408K, 0% used [0x00000000f5600000,0x00000000f5600000,0x00000000f6700000)
  from space 1024K, 97% used [0x00000000f6800000,0x00000000f68f9098,0x00000000f6900000)
  to   space 1024K, 0% used [0x00000000f6700000,0x00000000f6700000,0x00000000f6800000)
 ParOldGen       total 22016K, used 8371K [0x00000000e0200000, 0x00000000e1780000, 0x00000000f5600000)
  object space 22016K, 38% used [0x00000000e0200000,0x00000000e0a2cf40,0x00000000e1780000)
 Metaspace       used 19399K, capacity 19596K, committed 19840K, reserved 1067008K
  class space    used 2559K, capacity 2645K, committed 2688K, reserved 1048576K
}
Event: 2.393 GC heap before
{Heap before GC invocations=7 (full 0):
 PSYoungGen      total 18432K, used 9208K [0x00000000f5600000, 0x00000000f6900000, 0x0000000100000000)
  eden space 17408K, 47% used [0x00000000f5600000,0x00000000f5e050c0,0x00000000f6700000)
  from space 1024K, 97% used [0x00000000f6800000,0x00000000f68f9098,0x00000000f6900000)
  to   space 1024K, 0% used [0x00000000f6700000,0x00000000f6700000,0x00000000f6800000)
 ParOldGen       total 22016K, used 8371K [0x00000000e0200000, 0x00000000e1780000, 0x00000000f5600000)
  object space 22016K, 38% used [0x00000000e0200000,0x00000000e0a2cf40,0x00000000e1780000)
 Metaspace       used 21018K, capacity 21198K, committed 21296K, reserved 1067008K
  class space    used 2756K, capacity 2838K, committed 2864K, reserved 1048576K
Event: 2.400 GC heap after
Heap after GC invocations=7 (full 0):
 PSYoungGen      total 18432K, used 1013K [0x00000000f5600000, 0x00000000f6900000, 0x0000000100000000)
  eden space 17408K, 0% used [0x00000000f5600000,0x00000000f5600000,0x00000000f6700000)
  from space 1024K, 98% used [0x00000000f6700000,0x00000000f67fd658,0x00000000f6800000)
  to   space 1024K, 0% used [0x00000000f6800000,0x00000000f6800000,0x00000000f6900000)
 ParOldGen       total 22016K, used 9882K [0x00000000e0200000, 0x00000000e1780000, 0x00000000f5600000)
  object space 22016K, 44% used [0x00000000e0200000,0x00000000e0ba6be0,0x00000000e1780000)
 Metaspace       used 21018K, capacity 21198K, committed 21296K, reserved 1067008K
  class space    used 2756K, capacity 2838K, committed 2864K, reserved 1048576K
}
Event: 2.400 GC heap before
{Heap before GC invocations=8 (full 1):
 PSYoungGen      total 18432K, used 1013K [0x00000000f5600000, 0x00000000f6900000, 0x0000000100000000)
  eden space 17408K, 0% used [0x00000000f5600000,0x00000000f5600000,0x00000000f6700000)
  from space 1024K, 98% used [0x00000000f6700000,0x00000000f67fd658,0x00000000f6800000)
  to   space 1024K, 0% used [0x00000000f6800000,0x00000000f6800000,0x00000000f6900000)
 ParOldGen       total 22016K, used 9882K [0x00000000e0200000, 0x00000000e1780000, 0x00000000f5600000)
  object space 22016K, 44% used [0x00000000e0200000,0x00000000e0ba6be0,0x00000000e1780000)
 Metaspace       used 21018K, capacity 21198K, committed 21296K, reserved 1067008K
  class space    used 2756K, capacity 2838K, committed 2864K, reserved 1048576K
Event: 2.471 GC heap after
Heap after GC invocations=8 (full 1):
 PSYoungGen      total 18432K, used 0K [0x00000000f5600000, 0x00000000f6900000, 0x0000000100000000)
  eden space 17408K, 0% used [0x00000000f5600000,0x00000000f5600000,0x00000000f6700000)
  from space 1024K, 0% used [0x00000000f6700000,0x00000000f6700000,0x00000000f6800000)
  to   space 1024K, 0% used [0x00000000f6800000,0x00000000f6800000,0x00000000f6900000)
 ParOldGen       total 25088K, used 9870K [0x00000000e0200000, 0x00000000e1a80000, 0x00000000f5600000)
  object space 25088K, 39% used [0x00000000e0200000,0x00000000e0ba3978,0x00000000e1a80000)
 Metaspace       used 21018K, capacity 21198K, committed 21296K, reserved 1067008K
  class space    used 2756K, capacity 2838K, committed 2864K, reserved 1048576K
}
Event: 2.744 GC heap before
{Heap before GC invocations=9 (full 1):
 PSYoungGen      total 18432K, used 10916K [0x00000000f5600000, 0x00000000f6900000, 0x0000000100000000)
  eden space 17408K, 62% used [0x00000000f5600000,0x00000000f60a93f0,0x00000000f6700000)
  from space 1024K, 0% used [0x00000000f6700000,0x00000000f6700000,0x00000000f6800000)
  to   space 1024K, 0% used [0x00000000f6800000,0x00000000f6800000,0x00000000f6900000)
 ParOldGen       total 25088K, used 9870K [0x00000000e0200000, 0x00000000e1a80000, 0x00000000f5600000)
  object space 25088K, 39% used [0x00000000e0200000,0x00000000e0ba3978,0x00000000e1a80000)
 Metaspace       used 23070K, capacity 23264K, committed 23472K, reserved 1073152K
  class space    used 3058K, capacity 3165K, committed 3248K, reserved 1048576K
Event: 2.749 GC heap after
Heap after GC invocations=9 (full 1):
 PSYoungGen      total 18432K, used 997K [0x00000000f5600000, 0x00000000f6900000, 0x0000000100000000)
  eden space 17408K, 0% used [0x00000000f5600000,0x00000000f5600000,0x00000000f6700000)
  from space 1024K, 97% used [0x00000000f6800000,0x00000000f68f9730,0x00000000f6900000)
  to   space 1024K, 0% used [0x00000000f6700000,0x00000000f6700000,0x00000000f6800000)
 ParOldGen       total 25088K, used 10773K [0x00000000e0200000, 0x00000000e1a80000, 0x00000000f5600000)
  object space 25088K, 42% used [0x00000000e0200000,0x00000000e0c85770,0x00000000e1a80000)
 Metaspace       used 23070K, capacity 23264K, committed 23472K, reserved 1073152K
  class space    used 3058K, capacity 3165K, committed 3248K, reserved 1048576K
}
Event: 2.750 GC heap before
{Heap before GC invocations=10 (full 2):
 PSYoungGen      total 18432K, used 997K [0x00000000f5600000, 0x00000000f6900000, 0x0000000100000000)
  eden space 17408K, 0% used [0x00000000f5600000,0x00000000f5600000,0x00000000f6700000)
  from space 1024K, 97% used [0x00000000f6800000,0x00000000f68f9730,0x00000000f6900000)
  to   space 1024K, 0% used [0x00000000f6700000,0x00000000f6700000,0x00000000f6800000)
 ParOldGen       total 25088K, used 10773K [0x00000000e0200000, 0x00000000e1a80000, 0x00000000f5600000)
  object space 25088K, 42% used [0x00000000e0200000,0x00000000e0c85770,0x00000000e1a80000)
 Metaspace       used 23070K, capacity 23264K, committed 23472K, reserved 1073152K
  class space    used 3058K, capacity 3165K, committed 3248K, reserved 1048576K

Deoptimization events (10 events):
Event: 1.328 Thread 0x000000000035e000 Uncommon trap: reason=unstable_if action=reinterpret pc=0x0000000002a37728 method=java.lang.AbstractStringBuilder.append(Ljava/lang/String;)Ljava/lang/AbstractStringBuilder; @ 1
Event: 1.425 Thread 0x000000000035e000 Uncommon trap: reason=unstable_if action=reinterpret pc=0x0000000002ba14f4 method=java.lang.String$CaseInsensitiveComparator.compare(Ljava/lang/String;Ljava/lang/String;)I @ 70
Event: 1.512 Thread 0x000000000035e000 Uncommon trap: reason=predicate action=maybe_recompile pc=0x0000000002b3aacc method=sun.net.www.ParseUtil.encodePath(Ljava/lang/String;Z)Ljava/lang/String; @ 36
Event: 1.839 Thread 0x000000000035e000 Uncommon trap: reason=bimorphic action=maybe_recompile pc=0x0000000002bf58d0 method=java.util.HashMap.putVal(ILjava/lang/Object;Ljava/lang/Object;ZZ)Ljava/lang/Object; @ 203
Event: 2.037 Thread 0x000000000035e000 Uncommon trap: reason=unstable_if action=reinterpret pc=0x0000000002b6718c method=java.io.WinNTFileSystem.normalize(Ljava/lang/String;)Ljava/lang/String; @ 128
Event: 2.627 Thread 0x000000000035e000 Uncommon trap: reason=unstable_if action=reinterpret pc=0x0000000002bf5388 method=java.util.HashMap.putVal(ILjava/lang/Object;Ljava/lang/Object;ZZ)Ljava/lang/Object; @ 162
Event: 2.628 Thread 0x000000000035e000 Uncommon trap: reason=unstable_if action=reinterpret pc=0x0000000002adbe00 method=java.util.HashMap.getNode(ILjava/lang/Object;)Ljava/util/HashMap$Node; @ 84
Event: 2.628 Thread 0x000000000035e000 Uncommon trap: reason=unstable_if action=reinterpret pc=0x0000000002ab0870 method=java.util.HashMap.getNode(ILjava/lang/Object;)Ljava/util/HashMap$Node; @ 84
Event: 2.628 Thread 0x000000000035e000 Uncommon trap: reason=unstable_if action=reinterpret pc=0x0000000002ba654c method=java.util.HashMap.putVal(ILjava/lang/Object;Ljava/lang/Object;ZZ)Ljava/lang/Object; @ 109
Event: 2.629 Thread 0x000000000035e000 Uncommon trap: reason=unstable_if action=reinterpret pc=0x0000000002c6e4dc method=java.util.HashMap.resize()[Ljava/util/HashMap$Node; @ 206

Internal exceptions (10 events):
Event: 1.347 Thread 0x000000000035e000 Exception <a 'java/security/PrivilegedActionException'> (0x00000000f56f0cb0) thrown at [C:\re\workspace\8-2-build-windows-amd64-cygwin\jdk8u151\9699\hotspot\src\share\vm\prims\jvm.cpp, line 1390]
Event: 1.347 Thread 0x000000000035e000 Exception <a 'java/security/PrivilegedActionException'> (0x00000000f56f10a8) thrown at [C:\re\workspace\8-2-build-windows-amd64-cygwin\jdk8u151\9699\hotspot\src\share\vm\prims\jvm.cpp, line 1390]
Event: 1.354 Thread 0x000000000035e000 Exception <a 'java/security/PrivilegedActionException'> (0x00000000f573a188) thrown at [C:\re\workspace\8-2-build-windows-amd64-cygwin\jdk8u151\9699\hotspot\src\share\vm\prims\jvm.cpp, line 1390]
Event: 1.354 Thread 0x000000000035e000 Exception <a 'java/security/PrivilegedActionException'> (0x00000000f573a580) thrown at [C:\re\workspace\8-2-build-windows-amd64-cygwin\jdk8u151\9699\hotspot\src\share\vm\prims\jvm.cpp, line 1390]
Event: 1.354 Thread 0x000000000035e000 Exception <a 'java/security/PrivilegedActionException'> (0x00000000f573dbf8) thrown at [C:\re\workspace\8-2-build-windows-amd64-cygwin\jdk8u151\9699\hotspot\src\share\vm\prims\jvm.cpp, line 1390]
Event: 1.354 Thread 0x000000000035e000 Exception <a 'java/security/PrivilegedActionException'> (0x00000000f573dff0) thrown at [C:\re\workspace\8-2-build-windows-amd64-cygwin\jdk8u151\9699\hotspot\src\share\vm\prims\jvm.cpp, line 1390]
Event: 1.355 Thread 0x000000000035e000 Exception <a 'java/security/PrivilegedActionException'> (0x00000000f57418c0) thrown at [C:\re\workspace\8-2-build-windows-amd64-cygwin\jdk8u151\9699\hotspot\src\share\vm\prims\jvm.cpp, line 1390]
Event: 1.355 Thread 0x000000000035e000 Exception <a 'java/security/PrivilegedActionException'> (0x00000000f5741cb8) thrown at [C:\re\workspace\8-2-build-windows-amd64-cygwin\jdk8u151\9699\hotspot\src\share\vm\prims\jvm.cpp, line 1390]
Event: 1.355 Thread 0x000000000035e000 Exception <a 'java/security/PrivilegedActionException'> (0x00000000f5745450) thrown at [C:\re\workspace\8-2-build-windows-amd64-cygwin\jdk8u151\9699\hotspot\src\share\vm\prims\jvm.cpp, line 1390]
Event: 1.355 Thread 0x000000000035e000 Exception <a 'java/security/PrivilegedActionException'> (0x00000000f5745848) thrown at [C:\re\workspace\8-2-build-windows-amd64-cygwin\jdk8u151\9699\hotspot\src\share\vm\prims\jvm.cpp, line 1390]

Events (10 events):
Event: 2.742 loading class org/hibernate/metamodel/internal/SingularAttributeImpl$Identifier done
Event: 2.743 loading class org/hibernate/internal/EntityManagerMessageLogger_$logger_en_US
Event: 2.743 loading class org/hibernate/internal/EntityManagerMessageLogger_$logger_en_US done
Event: 2.743 loading class org/hibernate/internal/EntityManagerMessageLogger_$logger_en
Event: 2.743 loading class org/hibernate/internal/EntityManagerMessageLogger_$logger_en done
Event: 2.743 loading class org/hibernate/metamodel/internal/AttributeFactory$2
Event: 2.743 loading class org/hibernate/metamodel/internal/AttributeFactory$2 done
Event: 2.744 loading class org/hibernate/metamodel/internal/AttributeFactory$3
Event: 2.744 loading class org/hibernate/metamodel/internal/AttributeFactory$3 done
Event: 2.744 Executing VM operation: CollectForMetadataAllocation


Dynamic libraries:
0x000000013fd20000 - 0x000000013fd57000 	C:\Program Files\Java\jre1.8.0_151\bin\javaw.exe
0x0000000077560000 - 0x000000007770a000 	C:\Windows\SYSTEM32\ntdll.dll
0x0000000077340000 - 0x000000007745f000 	C:\Windows\system32\kernel32.dll
0x000007fefd650000 - 0x000007fefd6ba000 	C:\Windows\system32\KERNELBASE.dll
0x000007fefe740000 - 0x000007fefe81b000 	C:\Windows\system32\ADVAPI32.dll
0x000007fefefa0000 - 0x000007feff03f000 	C:\Windows\system32\msvcrt.dll
0x000007fefe900000 - 0x000007fefe91f000 	C:\Windows\SYSTEM32\sechost.dll
0x000007feff530000 - 0x000007feff65d000 	C:\Windows\system32\RPCRT4.dll
0x0000000077460000 - 0x000000007755a000 	C:\Windows\system32\USER32.dll
0x000007fefeeb0000 - 0x000007fefef17000 	C:\Windows\system32\GDI32.dll
0x000007feff700000 - 0x000007feff70e000 	C:\Windows\system32\LPK.dll
0x000007fefd6e0000 - 0x000007fefd7aa000 	C:\Windows\system32\USP10.dll
0x000007fefbc80000 - 0x000007fefbe74000 	C:\Windows\WinSxS\amd64_microsoft.windows.common-controls_6595b64144ccf1df_6.0.7601.17514_none_fa396087175ac9ac\COMCTL32.dll
0x000007fefef20000 - 0x000007fefef91000 	C:\Windows\system32\SHLWAPI.dll
0x000007feff2f0000 - 0x000007feff31e000 	C:\Windows\system32\IMM32.DLL
0x000007feff710000 - 0x000007feff819000 	C:\Windows\system32\MSCTF.dll
0x00000000745a0000 - 0x0000000074672000 	C:\Program Files\Java\jre1.8.0_151\bin\msvcr100.dll
0x000000006fa70000 - 0x000000007030d000 	C:\Program Files\Java\jre1.8.0_151\bin\server\jvm.dll
0x000007fef4530000 - 0x000007fef4539000 	C:\Windows\system32\WSOCK32.dll
0x000007feff820000 - 0x000007feff86d000 	C:\Windows\system32\WS2_32.dll
0x000007fefd6d0000 - 0x000007fefd6d8000 	C:\Windows\system32\NSI.dll
0x000007fefac80000 - 0x000007fefacbb000 	C:\Windows\system32\WINMM.dll
0x000007fefc4d0000 - 0x000007fefc4dc000 	C:\Windows\system32\VERSION.dll
0x0000000077720000 - 0x0000000077727000 	C:\Windows\system32\PSAPI.DLL
0x0000000074590000 - 0x000000007459f000 	C:\Program Files\Java\jre1.8.0_151\bin\verify.dll
0x0000000074560000 - 0x0000000074589000 	C:\Program Files\Java\jre1.8.0_151\bin\java.dll
0x0000000074540000 - 0x0000000074556000 	C:\Program Files\Java\jre1.8.0_151\bin\zip.dll
0x000007fefd7d0000 - 0x000007fefe558000 	C:\Windows\system32\SHELL32.dll
0x000007feff040000 - 0x000007feff243000 	C:\Windows\system32\ole32.dll
0x000007fefd310000 - 0x000007fefd31f000 	C:\Windows\system32\profapi.dll
0x0000000068bc0000 - 0x0000000068bcd000 	C:\Program Files\Java\jre1.8.0_151\bin\management.dll
0x0000000074520000 - 0x000000007453a000 	C:\Program Files\Java\jre1.8.0_151\bin\net.dll
0x0000000180000000 - 0x0000000180024000 	C:\Program Files (x86)\Common Files\NSL\nslsp64.dll
0x000007fefcab0000 - 0x000007fefcb05000 	C:\Windows\system32\mswsock.dll
0x000007fefcaa0000 - 0x000007fefcaa7000 	C:\Windows\System32\wship6.dll
0x0000000074500000 - 0x0000000074511000 	C:\Program Files\Java\jre1.8.0_151\bin\nio.dll
0x000007fefc4b0000 - 0x000007fefc4b7000 	C:\Windows\System32\wshtcpip.dll
0x000007fefc930000 - 0x000007fefc98b000 	C:\Windows\system32\DNSAPI.dll
0x000007fefafe0000 - 0x000007fefb007000 	C:\Windows\system32\IPHLPAPI.DLL
0x000007fefb080000 - 0x000007fefb08b000 	C:\Windows\system32\WINNSI.DLL
0x000007fef3700000 - 0x000007fef3708000 	C:\Windows\system32\rasadhlp.dll
0x000007fefb010000 - 0x000007fefb063000 	C:\Windows\System32\fwpuclnt.dll
0x000007fefcb10000 - 0x000007fefcb27000 	C:\Windows\system32\CRYPTSP.dll
0x000007fefc810000 - 0x000007fefc857000 	C:\Windows\system32\rsaenh.dll
0x000007fefd550000 - 0x000007fefd56e000 	C:\Windows\system32\USERENV.dll
0x000007fefd170000 - 0x000007fefd17f000 	C:\Windows\system32\CRYPTBASE.dll
0x000007fefafb0000 - 0x000007fefafc1000 	C:\Windows\system32\dhcpcsvc6.DLL
0x000007fefaee0000 - 0x000007fefaef8000 	C:\Windows\system32\dhcpcsvc.DLL

VM Arguments:
jvm_args: -Dfile.encoding=Cp1252 
java_command: org.firstclass.Solution
java_class_path (initial): C:\Users\students\sree java\bin;E:\database\ojdbc6.jar;E:\hypernet\required\antlr-2.7.7.jar;E:\hypernet\required\classmate-1.3.0.jar;E:\hypernet\required\dom4j-1.6.1.jar;E:\hypernet\required\hibernate-commons-annotations-5.0.1.Final.jar;E:\hypernet\required\hibernate-core-5.2.8.Final.jar;E:\hypernet\required\hibernate-jpa-2.1-api-1.0.0.Final.jar;E:\hypernet\required\jandex-2.0.3.Final.jar;E:\hypernet\required\javassist-3.20.0-GA.jar;E:\hypernet\required\jboss-logging-3.3.0.Final.jar;E:\hypernet\required\jboss-transaction-api_1.2_spec-1.0.1.Final.jar;E:\database\mysql-connector-java-5.1.21 (1).jar
Launcher Type: SUN_STANDARD

Environment Variables:
PATH=C:/Program Files/Java/jre1.8.0_151/bin/server;C:/Program Files/Java/jre1.8.0_151/bin;C:/Program Files/Java/jre1.8.0_151/lib/amd64;C:\oraclexe\app\oracle\product\11.2.0\server\bin;;C:\ProgramData\Oracle\Java\javapath;C:\Windows\system32;C:\Windows;C:\Windows\System32\Wbem;C:\Windows\System32\WindowsPowerShell\v1.0\;C:\Program Files\Java\jdk1.8.0_121\bin;C:\Program Files\Java\jre1.8.0_121\bin;C:\ProgramData\Microsoft\Windows\Start Menu\Programs\Python36-32\;C:\Program Files\nodejs\;C:\oraclexe\app\oracle\product\11.2.0\server\bin;C:\ProgramData\Oracle\Java\javapath;C:\Windows\system32;C:\Windows;C:\Windows\System32\Wbem;C:\Windows\System32\WindowsPowerShell\v1.0\;C:\Program Files\Java\jdk1.8.0_121\bin;C:\Program Files\Java\jre1.8.0_121\bin;C:\ProgramData\Microsoft\Windows\Start Menu\Programs\Python36-32\;C:\Program Files\nodejs\;C:\Program Files (x86)\EaseUS\Todo Backup\bin\x64\;C:\Users\students\AppData\Local\Programs\Git\cmd;C:\eclipse mars;
USERNAME=students
OS=Windows_NT
PROCESSOR_IDENTIFIER=Intel64 Family 6 Model 15 Stepping 11, GenuineIntel



---------------  S Y S T E M  ---------------

OS: Windows 7 , 64 bit Build 7601 (6.1.7601.23677)

CPU:total 2 (initial active 2) (2 cores per cpu, 1 threads per core) family 6 model 15 stepping 11, cmov, cx8, fxsr, mmx, sse, sse2, sse3, ssse3, tsc

Memory: 4k page, physical 2088376k(717224k free), swap 6282680k(5212k free)

vm_info: Java HotSpot(TM) 64-Bit Server VM (25.151-b12) for windows-amd64 JRE (1.8.0_151-b12), built on Sep  5 2017 19:33:46 by "java_re" with MS VC++ 10.0 (VS2010)

time: Tue Nov 14 12:27:37 2017
elapsed time: 2 seconds (0d 0h 0m 2s)

